[M::bwa_idx_load_from_disk] read 0 ALT contigs
[M::process] read 75686 sequences (10000221 bp)...
[M::process] read 76696 sequences (10000238 bp)...
[M::mem_pestat] # candidate unique pairs for (FF, FR, RF, RR): (43, 37595, 127, 30)
[M::mem_pestat] analyzing insert size distribution for orientation FF...
[M::mem_pestat] (25, 50, 75) percentile: (9580, 9701, 9778)
[M::mem_pestat] low and high boundaries for computing mean and std.dev: (9184, 10174)
[M::mem_pestat] mean and std.dev: (9712.97, 132.99)
[M::mem_pestat] low and high boundaries for proper pairs: (8986, 10372)
[M::mem_pestat] analyzing insert size distribution for orientation FR...
[M::mem_pestat] (25, 50, 75) percentile: (278, 360, 453)
[M::mem_pestat] low and high boundaries for computing mean and std.dev: (1, 803)
[M::mem_pestat] mean and std.dev: (365.93, 123.01)
[M::mem_pestat] low and high boundaries for proper pairs: (1, 978)
[M::mem_pestat] analyzing insert size distribution for orientation RF...
[M::mem_pestat] (25, 50, 75) percentile: (205, 362, 789)
[M::mem_pestat] low and high boundaries for computing mean and std.dev: (1, 1957)
[M::mem_pestat] mean and std.dev: (461.66, 397.19)
[M::mem_pestat] low and high boundaries for proper pairs: (1, 2541)
[M::mem_pestat] analyzing insert size distribution for orientation RR...
[M::mem_pestat] (25, 50, 75) percentile: (9610, 9679, 9752)
[M::mem_pestat] low and high boundaries for computing mean and std.dev: (9326, 10036)
[M::mem_pestat] mean and std.dev: (9695.25, 117.11)
[M::mem_pestat] low and high boundaries for proper pairs: (9184, 10178)
[M::mem_pestat] skip orientation FF
[M::mem_pestat] skip orientation RF
[M::mem_pestat] skip orientation RR
[M::mem_process_seqs] Processed 75686 reads in 2.070 CPU sec, 1.925 real sec
[M::process] read 76064 sequences (10000040 bp)...
[M::mem_pestat] # candidate unique pairs for (FF, FR, RF, RR): (36, 38109, 117, 41)
[M::mem_pestat] analyzing insert size distribution for orientation FF...
[M::mem_pestat] (25, 50, 75) percentile: (9537, 9705, 9774)
[M::mem_pestat] low and high boundaries for computing mean and std.dev: (9063, 10248)
[M::mem_pestat] mean and std.dev: (9707.27, 154.07)
[M::mem_pestat] low and high boundaries for proper pairs: (8826, 10485)
[M::mem_pestat] analyzing insert size distribution for orientation FR...
[M::mem_pestat] (25, 50, 75) percentile: (274, 354, 444)
[M::mem_pestat] low and high boundaries for computing mean and std.dev: (1, 784)
[M::mem_pestat] mean and std.dev: (359.94, 120.41)
[M::mem_pestat] low and high boundaries for proper pairs: (1, 954)
[M::mem_pestat] analyzing insert size distribution for orientation RF...
[M::mem_pestat] (25, 50, 75) percentile: (209, 415, 1000)
[M::mem_pestat] low and high boundaries for computing mean and std.dev: (1, 2582)
[M::mem_pestat] mean and std.dev: (640.91, 645.15)
[M::mem_pestat] low and high boundaries for proper pairs: (1, 3373)
[M::mem_pestat] analyzing insert size distribution for orientation RR...
[M::mem_pestat] (25, 50, 75) percentile: (9575, 9723, 9838)
[M::mem_pestat] low and high boundaries for computing mean and std.dev: (9049, 10364)
[M::mem_pestat] mean and std.dev: (9747.68, 130.01)
[M::mem_pestat] low and high boundaries for proper pairs: (8786, 10627)
[M::mem_pestat] skip orientation FF
[M::mem_pestat] skip orientation RF
[M::mem_pestat] skip orientation RR
[M::mem_process_seqs] Processed 76696 reads in 2.088 CPU sec, 1.916 real sec
[M::process] read 76502 sequences (10000105 bp)...
[M::mem_pestat] # candidate unique pairs for (FF, FR, RF, RR): (33, 37753, 146, 65)
[M::mem_pestat] analyzing insert size distribution for orientation FF...
[M::mem_pestat] (25, 50, 75) percentile: (9625, 9755, 9847)
[M::mem_pestat] low and high boundaries for computing mean and std.dev: (9181, 10291)
[M::mem_pestat] mean and std.dev: (9756.21, 118.01)
[M::mem_pestat] low and high boundaries for proper pairs: (8959, 10513)
[M::mem_pestat] analyzing insert size distribution for orientation FR...
[M::mem_pestat] (25, 50, 75) percentile: (278, 360, 450)
[M::mem_pestat] low and high boundaries for computing mean and std.dev: (1, 794)
[M::mem_pestat] mean and std.dev: (364.38, 121.84)
[M::mem_pestat] low and high boundaries for proper pairs: (1, 966)
[M::mem_pestat] analyzing insert size distribution for orientation RF...
[M::mem_pestat] (25, 50, 75) percentile: (144, 347, 717)
[M::mem_pestat] low and high boundaries for computing mean and std.dev: (1, 1863)
[M::mem_pestat] mean and std.dev: (396.01, 327.01)
[M::mem_pestat] low and high boundaries for proper pairs: (1, 2436)
[M::mem_pestat] analyzing insert size distribution for orientation RR...
[M::mem_pestat] (25, 50, 75) percentile: (9664, 9747, 9823)
[M::mem_pestat] low and high boundaries for computing mean and std.dev: (9346, 10141)
[M::mem_pestat] mean and std.dev: (9743.85, 126.37)
[M::mem_pestat] low and high boundaries for proper pairs: (9187, 10300)
[M::mem_pestat] skip orientation FF
[M::mem_pestat] skip orientation RF
[M::mem_pestat] skip orientation RR
[M::mem_process_seqs] Processed 76064 reads in 2.156 CPU sec, 1.969 real sec
[M::process] read 75190 sequences (10000106 bp)...
[M::mem_pestat] # candidate unique pairs for (FF, FR, RF, RR): (44, 37980, 150, 35)
[M::mem_pestat] analyzing insert size distribution for orientation FF...
[M::mem_pestat] (25, 50, 75) percentile: (9629, 9698, 9752)
[M::mem_pestat] low and high boundaries for computing mean and std.dev: (9383, 9998)
[M::mem_pestat] mean and std.dev: (9717.39, 84.33)
[M::mem_pestat] low and high boundaries for proper pairs: (9260, 10121)
[M::mem_pestat] analyzing insert size distribution for orientation FR...
[M::mem_pestat] (25, 50, 75) percentile: (274, 355, 445)
[M::mem_pestat] low and high boundaries for computing mean and std.dev: (1, 787)
[M::mem_pestat] mean and std.dev: (360.15, 120.49)
[M::mem_pestat] low and high boundaries for proper pairs: (1, 958)
[M::mem_pestat] analyzing insert size distribution for orientation RF...
[M::mem_pestat] (25, 50, 75) percentile: (157, 359, 764)
[M::mem_pestat] low and high boundaries for computing mean and std.dev: (1, 1978)
[M::mem_pestat] mean and std.dev: (382.29, 322.23)
[M::mem_pestat] low and high boundaries for proper pairs: (1, 2585)
[M::mem_pestat] analyzing insert size distribution for orientation RR...
[M::mem_pestat] (25, 50, 75) percentile: (9679, 9786, 9856)
[M::mem_pestat] low and high boundaries for computing mean and std.dev: (9325, 10210)
[M::mem_pestat] mean and std.dev: (9777.91, 128.70)
[M::mem_pestat] low and high boundaries for proper pairs: (9148, 10387)
[M::mem_pestat] skip orientation FF
[M::mem_pestat] skip orientation RF
[M::mem_pestat] skip orientation RR
[M::mem_process_seqs] Processed 76502 reads in 2.153 CPU sec, 1.974 real sec
[M::process] read 75306 sequences (10000188 bp)...
[M::mem_pestat] # candidate unique pairs for (FF, FR, RF, RR): (41, 37327, 133, 43)
[M::mem_pestat] analyzing insert size distribution for orientation FF...
[M::mem_pestat] (25, 50, 75) percentile: (752, 9687, 9796)
[M::mem_pestat] low and high boundaries for computing mean and std.dev: (1, 27884)
[M::mem_pestat] mean and std.dev: (7208.95, 4157.21)
[M::mem_pestat] low and high boundaries for proper pairs: (1, 36928)
[M::mem_pestat] analyzing insert size distribution for orientation FR...
[M::mem_pestat] (25, 50, 75) percentile: (278, 360, 450)
[M::mem_pestat] low and high boundaries for computing mean and std.dev: (1, 794)
[M::mem_pestat] mean and std.dev: (364.83, 121.90)
[M::mem_pestat] low and high boundaries for proper pairs: (1, 966)
[M::mem_pestat] analyzing insert size distribution for orientation RF...
[M::mem_pestat] (25, 50, 75) percentile: (151, 353, 1010)
[M::mem_pestat] low and high boundaries for computing mean and std.dev: (1, 2728)
[M::mem_pestat] mean and std.dev: (648.80, 690.76)
[M::mem_pestat] low and high boundaries for proper pairs: (1, 3587)
[M::mem_pestat] analyzing insert size distribution for orientation RR...
[M::mem_pestat] (25, 50, 75) percentile: (9614, 9676, 9752)
[M::mem_pestat] low and high boundaries for computing mean and std.dev: (9338, 10028)
[M::mem_pestat] mean and std.dev: (9704.47, 103.42)
[M::mem_pestat] low and high boundaries for proper pairs: (9200, 10166)
[M::mem_pestat] skip orientation FF
[M::mem_pestat] skip orientation RF
[M::mem_pestat] skip orientation RR
[M::mem_process_seqs] Processed 75190 reads in 2.171 CPU sec, 1.983 real sec
[M::process] read 75294 sequences (10000055 bp)...
[M::mem_pestat] # candidate unique pairs for (FF, FR, RF, RR): (46, 37361, 140, 49)
[M::mem_pestat] analyzing insert size distribution for orientation FF...
[M::mem_pestat] (25, 50, 75) percentile: (9455, 9683, 9823)
[M::mem_pestat] low and high boundaries for computing mean and std.dev: (8719, 10559)
[M::mem_pestat] mean and std.dev: (9717.16, 143.87)
[M::mem_pestat] low and high boundaries for proper pairs: (8351, 10927)
[M::mem_pestat] analyzing insert size distribution for orientation FR...
[M::mem_pestat] (25, 50, 75) percentile: (278, 356, 445)
[M::mem_pestat] low and high boundaries for computing mean and std.dev: (1, 779)
[M::mem_pestat] mean and std.dev: (361.52, 119.50)
[M::mem_pestat] low and high boundaries for proper pairs: (1, 946)
[M::mem_pestat] analyzing insert size distribution for orientation RF...
[M::mem_pestat] (25, 50, 75) percentile: (197, 395, 862)
[M::mem_pestat] low and high boundaries for computing mean and std.dev: (1, 2192)
[M::mem_pestat] mean and std.dev: (498.14, 436.03)
[M::mem_pestat] low and high boundaries for proper pairs: (1, 2857)
[M::mem_pestat] analyzing insert size distribution for orientation RR...
[M::mem_pestat] (25, 50, 75) percentile: (9550, 9683, 9835)
[M::mem_pestat] low and high boundaries for computing mean and std.dev: (8980, 10405)
[M::mem_pestat] mean and std.dev: (9744.97, 125.16)
[M::mem_pestat] low and high boundaries for proper pairs: (8695, 10690)
[M::mem_pestat] skip orientation FF
[M::mem_pestat] skip orientation RF
[M::mem_pestat] skip orientation RR
[M::mem_process_seqs] Processed 75306 reads in 2.129 CPU sec, 1.968 real sec
[M::process] read 76792 sequences (10000040 bp)...
[M::mem_pestat] # candidate unique pairs for (FF, FR, RF, RR): (48, 37380, 132, 40)
[M::mem_pestat] analyzing insert size distribution for orientation FF...
[M::mem_pestat] (25, 50, 75) percentile: (9470, 9666, 9752)
[M::mem_pestat] low and high boundaries for computing mean and std.dev: (8906, 10316)
[M::mem_pestat] mean and std.dev: (9680.85, 135.73)
[M::mem_pestat] low and high boundaries for proper pairs: (8624, 10598)
[M::mem_pestat] analyzing insert size distribution for orientation FR...
[M::mem_pestat] (25, 50, 75) percentile: (278, 360, 452)
[M::mem_pestat] low and high boundaries for computing mean and std.dev: (1, 800)
[M::mem_pestat] mean and std.dev: (365.70, 123.00)
[M::mem_pestat] low and high boundaries for proper pairs: (1, 974)
[M::mem_pestat] analyzing insert size distribution for orientation RF...
[M::mem_pestat] (25, 50, 75) percentile: (234, 419, 951)
[M::mem_pestat] low and high boundaries for computing mean and std.dev: (1, 2385)
[M::mem_pestat] mean and std.dev: (612.11, 585.68)
[M::mem_pestat] low and high boundaries for proper pairs: (1, 3102)
[M::mem_pestat] analyzing insert size distribution for orientation RR...
[M::mem_pestat] (25, 50, 75) percentile: (9587, 9683, 9750)
[M::mem_pestat] low and high boundaries for computing mean and std.dev: (9261, 10076)
[M::mem_pestat] mean and std.dev: (9674.37, 159.46)
[M::mem_pestat] low and high boundaries for proper pairs: (9037, 10312)
[M::mem_pestat] skip orientation FF
[M::mem_pestat] skip orientation RF
[M::mem_pestat] skip orientation RR
[M::mem_process_seqs] Processed 75294 reads in 2.200 CPU sec, 1.999 real sec
[M::process] read 17860 sequences (2300727 bp)...
[M::mem_pestat] # candidate unique pairs for (FF, FR, RF, RR): (39, 38132, 134, 39)
[M::mem_pestat] analyzing insert size distribution for orientation FF...
[M::mem_pestat] (25, 50, 75) percentile: (9356, 9724, 9812)
[M::mem_pestat] low and high boundaries for computing mean and std.dev: (8444, 10724)
[M::mem_pestat] mean and std.dev: (9736.69, 131.49)
[M::mem_pestat] low and high boundaries for proper pairs: (7988, 11180)
[M::mem_pestat] analyzing insert size distribution for orientation FR...
[M::mem_pestat] (25, 50, 75) percentile: (274, 354, 442)
[M::mem_pestat] low and high boundaries for computing mean and std.dev: (1, 778)
[M::mem_pestat] mean and std.dev: (358.50, 118.76)
[M::mem_pestat] low and high boundaries for proper pairs: (1, 946)
[M::mem_pestat] analyzing insert size distribution for orientation RF...
[M::mem_pestat] (25, 50, 75) percentile: (182, 382, 906)
[M::mem_pestat] low and high boundaries for computing mean and std.dev: (1, 2354)
[M::mem_pestat] mean and std.dev: (537.54, 530.72)
[M::mem_pestat] low and high boundaries for proper pairs: (1, 3078)
[M::mem_pestat] analyzing insert size distribution for orientation RR...
[M::mem_pestat] (25, 50, 75) percentile: (9678, 9750, 9810)
[M::mem_pestat] low and high boundaries for computing mean and std.dev: (9414, 10074)
[M::mem_pestat] mean and std.dev: (9761.42, 91.66)
[M::mem_pestat] low and high boundaries for proper pairs: (9282, 10206)
[M::mem_pestat] skip orientation FF
[M::mem_pestat] skip orientation RF
[M::mem_pestat] skip orientation RR
[M::mem_process_seqs] Processed 76792 reads in 2.050 CPU sec, 1.983 real sec
[M::mem_pestat] # candidate unique pairs for (FF, FR, RF, RR): (7, 8875, 26, 14)
[M::mem_pestat] skip orientation FF as there are not enough pairs
[M::mem_pestat] analyzing insert size distribution for orientation FR...
[M::mem_pestat] (25, 50, 75) percentile: (273, 351, 439)
[M::mem_pestat] low and high boundaries for computing mean and std.dev: (1, 771)
[M::mem_pestat] mean and std.dev: (355.97, 118.44)
[M::mem_pestat] low and high boundaries for proper pairs: (1, 937)
[M::mem_pestat] analyzing insert size distribution for orientation RF...
[M::mem_pestat] (25, 50, 75) percentile: (136, 401, 930)
[M::mem_pestat] low and high boundaries for computing mean and std.dev: (1, 2518)
[M::mem_pestat] mean and std.dev: (655.96, 643.45)
[M::mem_pestat] low and high boundaries for proper pairs: (1, 3312)
[M::mem_pestat] analyzing insert size distribution for orientation RR...
[M::mem_pestat] (25, 50, 75) percentile: (1838, 9645, 9661)
[M::mem_pestat] low and high boundaries for computing mean and std.dev: (1, 25307)
[M::mem_pestat] mean and std.dev: (7155.71, 4004.52)
[M::mem_pestat] low and high boundaries for proper pairs: (1, 33130)
[M::mem_pestat] skip orientation RF
[M::mem_pestat] skip orientation RR
[M::mem_process_seqs] Processed 17860 reads in 0.530 CPU sec, 0.477 real sec
[main] Version: 0.7.17-r1188
[main] CMD: /bwa/bwa-0.7.17/bwa mem /blue/bphl-florida/dongyibo/Dev_flaq_sc2_nf/reference/nCoV-2019.reference.fasta /blue/bphl-florida/dongyibo/Dev_flaq_sc2_nf/output/XJMV22000758/XJMV22000758_1.fq.gz /blue/bphl-florida/dongyibo/Dev_flaq_sc2_nf/output/XJMV22000758/XJMV22000758_2.fq.gz
[main] Real time: 16.365 sec; CPU: 17.771 sec
