Sep-22 15:14:27.544 [main] DEBUG nextflow.cli.Launcher - $> nextflow run flaq_sc2_humanclean2.nf -params-file params.yaml
Sep-22 15:14:27.697 [main] INFO  nextflow.cli.CmdRun - N E X T F L O W  ~  version 21.10.6
Sep-22 15:14:27.732 [main] INFO  nextflow.cli.CmdRun - Launching `flaq_sc2_humanclean2.nf` [suspicious_brahmagupta] - revision: febf93510e
Sep-22 15:14:27.861 [main] DEBUG nextflow.plugin.PluginsFacade - Setting up plugin manager > mode=prod; plugins-dir=/home/dongyibo/.nextflow/plugins
Sep-22 15:14:27.866 [main] DEBUG nextflow.plugin.PluginsFacade - Plugins default=[]
Sep-22 15:14:27.882 [main] INFO  org.pf4j.DefaultPluginStatusProvider - Enabled plugins: []
Sep-22 15:14:27.884 [main] INFO  org.pf4j.DefaultPluginStatusProvider - Disabled plugins: []
Sep-22 15:14:27.887 [main] INFO  org.pf4j.DefaultPluginManager - PF4J version 3.4.1 in 'deployment' mode
Sep-22 15:14:27.905 [main] INFO  org.pf4j.AbstractPluginManager - No plugins
Sep-22 15:14:27.959 [main] DEBUG nextflow.Session - Session uuid: fe82a82c-1a94-495b-bc03-bdf645d34d4a
Sep-22 15:14:27.960 [main] DEBUG nextflow.Session - Run name: suspicious_brahmagupta
Sep-22 15:14:27.961 [main] DEBUG nextflow.Session - Executor pool size: 15
Sep-22 15:14:27.984 [main] DEBUG nextflow.cli.CmdRun - 
  Version: 21.10.6 build 5660
  Created: 21-12-2021 16:55 UTC (11:55 EDT)
  System: Linux 3.10.0-1062.18.1.el7.x86_64
  Runtime: Groovy 3.0.9 on OpenJDK 64-Bit Server VM 1.8.0_312-b07
  Encoding: UTF-8 (UTF-8)
  Process: 107992@c0706a-s19.ufhpc [172.16.201.199]
  CPUs: 15 - Mem: 100 GB (99.7 GB) - Swap: 0 (0)
Sep-22 15:14:28.107 [main] DEBUG nextflow.Session - Work-dir: /blue/bphl-florida/dongyibo/Dev_flaq_sc2_nf/work [lustre]
Sep-22 15:14:28.109 [main] DEBUG nextflow.Session - Script base path does not exist or is not a directory: /blue/bphl-florida/dongyibo/Dev_flaq_sc2_nf/bin
Sep-22 15:14:28.118 [main] DEBUG nextflow.executor.ExecutorFactory - Extension executors providers=[]
Sep-22 15:14:28.129 [main] DEBUG nextflow.Session - Observer factory: DefaultObserverFactory
Sep-22 15:14:28.176 [main] DEBUG nextflow.util.CustomThreadPool - Creating default thread pool > poolSize: 16; maxThreads: 1000
Sep-22 15:14:28.353 [main] DEBUG nextflow.Session - Session start invoked
Sep-22 15:14:29.539 [main] DEBUG nextflow.script.ScriptRunner - > Launching execution
Sep-22 15:14:29.711 [main] DEBUG nextflow.executor.ExecutorFactory - << taskConfig executor: null
Sep-22 15:14:29.711 [main] DEBUG nextflow.executor.ExecutorFactory - >> processorType: 'local'
Sep-22 15:14:29.716 [main] DEBUG nextflow.executor.Executor - [warm up] executor > local
Sep-22 15:14:29.721 [main] DEBUG n.processor.LocalPollingMonitor - Creating local task monitor for executor 'local' > cpus=15; memory=100 GB; capacity=15; pollInterval=100ms; dumpInterval=5m
Sep-22 15:14:29.741 [main] DEBUG nextflow.util.CustomThreadPool - Creating default thread pool > poolSize: 16; maxThreads: 1000
Sep-22 15:14:29.812 [main] DEBUG nextflow.executor.ExecutorFactory - << taskConfig executor: null
Sep-22 15:14:29.812 [main] DEBUG nextflow.executor.ExecutorFactory - >> processorType: 'local'
Sep-22 15:14:29.815 [main] DEBUG nextflow.executor.ExecutorFactory - << taskConfig executor: null
Sep-22 15:14:29.816 [main] DEBUG nextflow.executor.ExecutorFactory - >> processorType: 'local'
Sep-22 15:14:29.819 [main] DEBUG nextflow.executor.ExecutorFactory - << taskConfig executor: null
Sep-22 15:14:29.819 [main] DEBUG nextflow.executor.ExecutorFactory - >> processorType: 'local'
Sep-22 15:14:29.824 [main] DEBUG nextflow.executor.ExecutorFactory - << taskConfig executor: null
Sep-22 15:14:29.824 [main] DEBUG nextflow.executor.ExecutorFactory - >> processorType: 'local'
Sep-22 15:14:29.845 [main] DEBUG nextflow.Session - Workflow process names [dsl2]: nofrag, frag, primer, assembly, pystats, quality
Sep-22 15:14:29.846 [main] DEBUG nextflow.Session - Ignite dataflow network (6)
Sep-22 15:14:29.846 [main] DEBUG nextflow.processor.TaskProcessor - Starting process > quality
Sep-22 15:14:29.847 [main] DEBUG nextflow.processor.TaskProcessor - Starting process > frag
Sep-22 15:14:29.847 [main] DEBUG nextflow.processor.TaskProcessor - Starting process > primer
Sep-22 15:14:29.847 [main] DEBUG nextflow.processor.TaskProcessor - Starting process > assembly
Sep-22 15:14:29.848 [main] DEBUG nextflow.processor.TaskProcessor - Starting process > pystats
Sep-22 15:14:29.848 [main] DEBUG nextflow.script.ScriptRunner - > Await termination 
Sep-22 15:14:29.848 [main] DEBUG nextflow.Session - Session await
Sep-22 15:14:29.989 [Task submitter] DEBUG nextflow.executor.LocalTaskHandler - Launch cmd line: /bin/bash -ue .command.run
Sep-22 15:14:29.993 [Task submitter] INFO  nextflow.Session - [1e/4d14f3] Submitted process > quality (1)
Sep-22 15:14:30.017 [Task submitter] DEBUG nextflow.executor.LocalTaskHandler - Launch cmd line: /bin/bash -ue .command.run
Sep-22 15:14:30.017 [Task submitter] INFO  nextflow.Session - [e8/cee4b5] Submitted process > quality (2)
Sep-22 15:16:53.960 [Task monitor] DEBUG n.processor.TaskPollingMonitor - Task completed > TaskHandler[id: 2; name: quality (2); status: COMPLETED; exit: 0; error: -; workDir: /blue/bphl-florida/dongyibo/Dev_flaq_sc2_nf/work/e8/cee4b533e9d15ec5b273ee5390157d]
Sep-22 15:16:54.005 [Task submitter] DEBUG nextflow.executor.LocalTaskHandler - Launch cmd line: /bin/bash -ue .command.run
Sep-22 15:16:54.005 [Task submitter] INFO  nextflow.Session - [fb/d38efd] Submitted process > frag (1)
Sep-22 15:17:04.534 [Task monitor] DEBUG n.processor.TaskPollingMonitor - Task completed > TaskHandler[id: 1; name: quality (1); status: COMPLETED; exit: 0; error: -; workDir: /blue/bphl-florida/dongyibo/Dev_flaq_sc2_nf/work/1e/4d14f33faa0be1906ecca0e80513f6]
Sep-22 15:17:04.554 [Task submitter] DEBUG nextflow.executor.LocalTaskHandler - Launch cmd line: /bin/bash -ue .command.run
Sep-22 15:17:04.554 [Task submitter] INFO  nextflow.Session - [75/24bae3] Submitted process > frag (2)
Sep-22 15:17:53.195 [Task monitor] DEBUG n.processor.TaskPollingMonitor - Task completed > TaskHandler[id: 3; name: frag (1); status: COMPLETED; exit: 0; error: -; workDir: /blue/bphl-florida/dongyibo/Dev_flaq_sc2_nf/work/fb/d38efdafa9b347beef78f44970cce5]
Sep-22 15:17:53.225 [Task submitter] DEBUG nextflow.executor.LocalTaskHandler - Launch cmd line: /bin/bash -ue .command.run
Sep-22 15:17:53.225 [Task submitter] INFO  nextflow.Session - [79/c8d463] Submitted process > primer (1)
Sep-22 15:18:04.930 [Task monitor] DEBUG n.processor.TaskPollingMonitor - Task completed > TaskHandler[id: 4; name: frag (2); status: COMPLETED; exit: 0; error: -; workDir: /blue/bphl-florida/dongyibo/Dev_flaq_sc2_nf/work/75/24bae39f6229d36e21740b593cf440]
Sep-22 15:18:04.947 [Task submitter] DEBUG nextflow.executor.LocalTaskHandler - Launch cmd line: /bin/bash -ue .command.run
Sep-22 15:18:04.947 [Task submitter] INFO  nextflow.Session - [f5/b2add1] Submitted process > primer (2)
Sep-22 15:18:17.665 [Task monitor] DEBUG n.processor.TaskPollingMonitor - Task completed > TaskHandler[id: 5; name: primer (1); status: COMPLETED; exit: 0; error: -; workDir: /blue/bphl-florida/dongyibo/Dev_flaq_sc2_nf/work/79/c8d46328908a77556d3f338d95a078]
Sep-22 15:18:17.697 [Task submitter] DEBUG nextflow.executor.LocalTaskHandler - Launch cmd line: /bin/bash -ue .command.run
Sep-22 15:18:17.698 [Task submitter] INFO  nextflow.Session - [bf/a5a496] Submitted process > assembly (1)
Sep-22 15:18:31.824 [Task monitor] DEBUG n.processor.TaskPollingMonitor - Task completed > TaskHandler[id: 6; name: primer (2); status: COMPLETED; exit: 0; error: -; workDir: /blue/bphl-florida/dongyibo/Dev_flaq_sc2_nf/work/f5/b2add1df1cb03790321d4b85511bf5]
Sep-22 15:18:31.846 [Task submitter] DEBUG nextflow.executor.LocalTaskHandler - Launch cmd line: /bin/bash -ue .command.run
Sep-22 15:18:31.846 [Task submitter] INFO  nextflow.Session - [66/0e7086] Submitted process > assembly (2)
Sep-22 15:18:36.726 [Task monitor] DEBUG n.processor.TaskPollingMonitor - Task completed > TaskHandler[id: 7; name: assembly (1); status: COMPLETED; exit: 0; error: -; workDir: /blue/bphl-florida/dongyibo/Dev_flaq_sc2_nf/work/bf/a5a4962d5bd6c4f24c82f0fdb20df8]
Sep-22 15:18:36.758 [Task submitter] DEBUG nextflow.executor.LocalTaskHandler - Launch cmd line: /bin/bash -ue .command.run
Sep-22 15:18:36.758 [Task submitter] INFO  nextflow.Session - [94/42d8bf] Submitted process > pystats (1)
Sep-22 15:18:51.694 [Task monitor] DEBUG n.processor.TaskPollingMonitor - Task completed > TaskHandler[id: 8; name: assembly (2); status: COMPLETED; exit: 0; error: -; workDir: /blue/bphl-florida/dongyibo/Dev_flaq_sc2_nf/work/66/0e708621a496a53fdea78d8eea97c6]
Sep-22 15:18:51.712 [Task submitter] DEBUG nextflow.executor.LocalTaskHandler - Launch cmd line: /bin/bash -ue .command.run
Sep-22 15:18:51.712 [Task submitter] INFO  nextflow.Session - [3c/d1a0b6] Submitted process > pystats (2)
Sep-22 15:19:17.984 [Task monitor] DEBUG n.processor.TaskPollingMonitor - Task completed > TaskHandler[id: 9; name: pystats (1); status: COMPLETED; exit: 0; error: -; workDir: /blue/bphl-florida/dongyibo/Dev_flaq_sc2_nf/work/94/42d8bf0a2e73864b6a98c3ec774e0c]
Sep-22 15:19:29.902 [Task monitor] DEBUG n.processor.TaskPollingMonitor - !! executor local > tasks to be completed: 1 -- submitted tasks are shown below
~> TaskHandler[id: 10; name: pystats (2); status: RUNNING; exit: -; error: -; workDir: /blue/bphl-florida/dongyibo/Dev_flaq_sc2_nf/work/3c/d1a0b6503c6b75372aa2f203e17adc]
Sep-22 15:19:34.429 [Task monitor] DEBUG n.processor.TaskPollingMonitor - Task completed > TaskHandler[id: 10; name: pystats (2); status: COMPLETED; exit: 0; error: -; workDir: /blue/bphl-florida/dongyibo/Dev_flaq_sc2_nf/work/3c/d1a0b6503c6b75372aa2f203e17adc]
Sep-22 15:19:34.433 [main] DEBUG nextflow.Session - Session await > all process finished
Sep-22 15:19:34.434 [main] DEBUG nextflow.Session - Session await > all barriers passed
Sep-22 15:19:34.441 [main] DEBUG nextflow.trace.WorkflowStatsObserver - Workflow completed > WorkflowStats[succeededCount=10; failedCount=0; ignoredCount=0; cachedCount=0; pendingCount=0; submittedCount=0; runningCount=0; retriesCount=0; abortedCount=0; succeedDuration=9m 51s; failedDuration=0ms; cachedDuration=0ms;loadCpus=0; loadMemory=0; peakRunning=2; peakCpus=2; peakMemory=0; ]
Sep-22 15:19:34.567 [main] DEBUG nextflow.CacheDB - Closing CacheDB done
Sep-22 15:19:34.600 [main] DEBUG nextflow.script.ScriptRunner - > Execution complete -- Goodbye
