[33mWARNING:[0m underlay of /usr/share/zoneinfo/Etc/UTC required more than 50 (64) bind mounts
Started analysis of JMV22000758_1.fastq.gz
Approx 5% complete for JMV22000758_1.fastq.gz
Approx 10% complete for JMV22000758_1.fastq.gz
Approx 15% complete for JMV22000758_1.fastq.gz
Approx 20% complete for JMV22000758_1.fastq.gz
Approx 25% complete for JMV22000758_1.fastq.gz
Approx 30% complete for JMV22000758_1.fastq.gz
Approx 35% complete for JMV22000758_1.fastq.gz
Approx 40% complete for JMV22000758_1.fastq.gz
Approx 45% complete for JMV22000758_1.fastq.gz
Approx 50% complete for JMV22000758_1.fastq.gz
Approx 55% complete for JMV22000758_1.fastq.gz
Approx 60% complete for JMV22000758_1.fastq.gz
Approx 65% complete for JMV22000758_1.fastq.gz
Approx 70% complete for JMV22000758_1.fastq.gz
Approx 75% complete for JMV22000758_1.fastq.gz
Approx 80% complete for JMV22000758_1.fastq.gz
Approx 85% complete for JMV22000758_1.fastq.gz
Approx 90% complete for JMV22000758_1.fastq.gz
.command.run: line 70: 12947 Hangup                  tee .command.out < $cout
.command.run: line 70: 12949 Hangup                  tee .command.err < $cerr 1>&2
.command.run: line 70: 12951 Hangup                  ( nxf_launch ) > $cout 2> $cerr
