Job stats:
job                      count    min threads    max threads
---------------------  -------  -------------  -------------
align_to_reference           1              1              1
all                          1              1              1
cache_sequence_assign        1              1              1
create_seq_hash              1              1              1
get_constellations           1              1              1
merged_info                  1              1              1
scorpio                      1              1              1
sequence_qc                  1              1              1
total                        8              1              1

Job stats:
job                count    min threads    max threads
---------------  -------  -------------  -------------
all                    1              1              1
usher_cache            1              1              1
usher_inference        1              1              1
usher_to_report        1              1              1
total                  4              1              1

