[M::bwa_idx_load_from_disk] read 0 ALT contigs
[M::process] read 75652 sequences (10000039 bp)...
[M::process] read 76682 sequences (10000018 bp)...
[M::mem_pestat] # candidate unique pairs for (FF, FR, RF, RR): (40, 37583, 124, 31)
[M::mem_pestat] analyzing insert size distribution for orientation FF...
[M::mem_pestat] (25, 50, 75) percentile: (9587, 9701, 9803)
[M::mem_pestat] low and high boundaries for computing mean and std.dev: (9155, 10235)
[M::mem_pestat] mean and std.dev: (9715.56, 132.51)
[M::mem_pestat] low and high boundaries for proper pairs: (8939, 10451)
[M::mem_pestat] analyzing insert size distribution for orientation FR...
[M::mem_pestat] (25, 50, 75) percentile: (278, 361, 453)
[M::mem_pestat] low and high boundaries for computing mean and std.dev: (1, 803)
[M::mem_pestat] mean and std.dev: (366.07, 123.11)
[M::mem_pestat] low and high boundaries for proper pairs: (1, 978)
[M::mem_pestat] analyzing insert size distribution for orientation RF...
[M::mem_pestat] (25, 50, 75) percentile: (182, 340, 798)
[M::mem_pestat] low and high boundaries for computing mean and std.dev: (1, 2030)
[M::mem_pestat] mean and std.dev: (471.52, 425.90)
[M::mem_pestat] low and high boundaries for proper pairs: (1, 2646)
[M::mem_pestat] analyzing insert size distribution for orientation RR...
[M::mem_pestat] (25, 50, 75) percentile: (9615, 9679, 9754)
[M::mem_pestat] low and high boundaries for computing mean and std.dev: (9337, 10032)
[M::mem_pestat] mean and std.dev: (9702.00, 110.52)
[M::mem_pestat] low and high boundaries for proper pairs: (9198, 10171)
[M::mem_pestat] skip orientation FF
[M::mem_pestat] skip orientation RF
[M::mem_pestat] skip orientation RR
[M::mem_process_seqs] Processed 75652 reads in 2.137 CPU sec, 1.984 real sec
[M::process] read 76122 sequences (10000111 bp)...
[M::mem_pestat] # candidate unique pairs for (FF, FR, RF, RR): (38, 38097, 121, 40)
[M::mem_pestat] analyzing insert size distribution for orientation FF...
[M::mem_pestat] (25, 50, 75) percentile: (9523, 9715, 9770)
[M::mem_pestat] low and high boundaries for computing mean and std.dev: (9029, 10264)
[M::mem_pestat] mean and std.dev: (9716.94, 139.43)
[M::mem_pestat] low and high boundaries for proper pairs: (8782, 10511)
[M::mem_pestat] analyzing insert size distribution for orientation FR...
[M::mem_pestat] (25, 50, 75) percentile: (274, 354, 444)
[M::mem_pestat] low and high boundaries for computing mean and std.dev: (1, 784)
[M::mem_pestat] mean and std.dev: (359.79, 120.32)
[M::mem_pestat] low and high boundaries for proper pairs: (1, 954)
[M::mem_pestat] analyzing insert size distribution for orientation RF...
[M::mem_pestat] (25, 50, 75) percentile: (214, 426, 1058)
[M::mem_pestat] low and high boundaries for computing mean and std.dev: (1, 2746)
[M::mem_pestat] mean and std.dev: (680.10, 675.58)
[M::mem_pestat] low and high boundaries for proper pairs: (1, 3590)
[M::mem_pestat] analyzing insert size distribution for orientation RR...
[M::mem_pestat] (25, 50, 75) percentile: (9575, 9723, 9838)
[M::mem_pestat] low and high boundaries for computing mean and std.dev: (9049, 10364)
[M::mem_pestat] mean and std.dev: (9741.32, 137.10)
[M::mem_pestat] low and high boundaries for proper pairs: (8786, 10627)
[M::mem_pestat] skip orientation FF
[M::mem_pestat] skip orientation RF
[M::mem_pestat] skip orientation RR
[M::mem_process_seqs] Processed 76682 reads in 2.158 CPU sec, 1.976 real sec
[M::process] read 76498 sequences (10000047 bp)...
[M::mem_pestat] # candidate unique pairs for (FF, FR, RF, RR): (34, 37782, 147, 63)
[M::mem_pestat] analyzing insert size distribution for orientation FF...
[M::mem_pestat] (25, 50, 75) percentile: (9547, 9755, 9843)
[M::mem_pestat] low and high boundaries for computing mean and std.dev: (8955, 10435)
[M::mem_pestat] mean and std.dev: (9738.97, 139.03)
[M::mem_pestat] low and high boundaries for proper pairs: (8659, 10731)
[M::mem_pestat] analyzing insert size distribution for orientation FR...
[M::mem_pestat] (25, 50, 75) percentile: (278, 361, 450)
[M::mem_pestat] low and high boundaries for computing mean and std.dev: (1, 794)
[M::mem_pestat] mean and std.dev: (364.45, 121.90)
[M::mem_pestat] low and high boundaries for proper pairs: (1, 966)
[M::mem_pestat] analyzing insert size distribution for orientation RF...
[M::mem_pestat] (25, 50, 75) percentile: (151, 324, 595)
[M::mem_pestat] low and high boundaries for computing mean and std.dev: (1, 1483)
[M::mem_pestat] mean and std.dev: (366.86, 291.33)
[M::mem_pestat] low and high boundaries for proper pairs: (1, 1927)
[M::mem_pestat] analyzing insert size distribution for orientation RR...
[M::mem_pestat] (25, 50, 75) percentile: (9666, 9746, 9823)
[M::mem_pestat] low and high boundaries for computing mean and std.dev: (9352, 10137)
[M::mem_pestat] mean and std.dev: (9743.60, 127.86)
[M::mem_pestat] low and high boundaries for proper pairs: (9195, 10294)
[M::mem_pestat] skip orientation FF
[M::mem_pestat] skip orientation RF
[M::mem_pestat] skip orientation RR
[M::mem_process_seqs] Processed 76122 reads in 2.175 CPU sec, 1.978 real sec
[M::process] read 75176 sequences (10000106 bp)...
[M::mem_pestat] # candidate unique pairs for (FF, FR, RF, RR): (44, 37976, 150, 37)
[M::mem_pestat] analyzing insert size distribution for orientation FF...
[M::mem_pestat] (25, 50, 75) percentile: (9629, 9698, 9752)
[M::mem_pestat] low and high boundaries for computing mean and std.dev: (9383, 9998)
[M::mem_pestat] mean and std.dev: (9719.24, 86.05)
[M::mem_pestat] low and high boundaries for proper pairs: (9260, 10121)
[M::mem_pestat] analyzing insert size distribution for orientation FR...
[M::mem_pestat] (25, 50, 75) percentile: (274, 355, 445)
[M::mem_pestat] low and high boundaries for computing mean and std.dev: (1, 787)
[M::mem_pestat] mean and std.dev: (360.02, 120.32)
[M::mem_pestat] low and high boundaries for proper pairs: (1, 958)
[M::mem_pestat] analyzing insert size distribution for orientation RF...
[M::mem_pestat] (25, 50, 75) percentile: (161, 381, 768)
[M::mem_pestat] low and high boundaries for computing mean and std.dev: (1, 1982)
[M::mem_pestat] mean and std.dev: (387.05, 303.45)
[M::mem_pestat] low and high boundaries for proper pairs: (1, 2589)
[M::mem_pestat] analyzing insert size distribution for orientation RR...
[M::mem_pestat] (25, 50, 75) percentile: (9673, 9786, 9856)
[M::mem_pestat] low and high boundaries for computing mean and std.dev: (9307, 10222)
[M::mem_pestat] mean and std.dev: (9777.17, 125.39)
[M::mem_pestat] low and high boundaries for proper pairs: (9124, 10405)
[M::mem_pestat] skip orientation FF
[M::mem_pestat] skip orientation RF
[M::mem_pestat] skip orientation RR
[M::mem_process_seqs] Processed 76498 reads in 2.120 CPU sec, 1.962 real sec
[M::process] read 75302 sequences (10000061 bp)...
[M::mem_pestat] # candidate unique pairs for (FF, FR, RF, RR): (42, 37320, 130, 43)
[M::mem_pestat] analyzing insert size distribution for orientation FF...
[M::mem_pestat] (25, 50, 75) percentile: (9286, 9718, 9812)
[M::mem_pestat] low and high boundaries for computing mean and std.dev: (8234, 10864)
[M::mem_pestat] mean and std.dev: (9730.91, 140.31)
[M::mem_pestat] low and high boundaries for proper pairs: (7708, 11390)
[M::mem_pestat] analyzing insert size distribution for orientation FR...
[M::mem_pestat] (25, 50, 75) percentile: (278, 360, 450)
[M::mem_pestat] low and high boundaries for computing mean and std.dev: (1, 794)
[M::mem_pestat] mean and std.dev: (364.86, 121.99)
[M::mem_pestat] low and high boundaries for proper pairs: (1, 966)
[M::mem_pestat] analyzing insert size distribution for orientation RF...
[M::mem_pestat] (25, 50, 75) percentile: (146, 352, 993)
[M::mem_pestat] low and high boundaries for computing mean and std.dev: (1, 2687)
[M::mem_pestat] mean and std.dev: (633.48, 673.68)
[M::mem_pestat] low and high boundaries for proper pairs: (1, 3534)
[M::mem_pestat] analyzing insert size distribution for orientation RR...
[M::mem_pestat] (25, 50, 75) percentile: (9614, 9676, 9752)
[M::mem_pestat] low and high boundaries for computing mean and std.dev: (9338, 10028)
[M::mem_pestat] mean and std.dev: (9704.47, 103.42)
[M::mem_pestat] low and high boundaries for proper pairs: (9200, 10166)
[M::mem_pestat] skip orientation FF
[M::mem_pestat] skip orientation RF
[M::mem_pestat] skip orientation RR
[M::mem_process_seqs] Processed 75176 reads in 2.165 CPU sec, 1.973 real sec
[M::process] read 75264 sequences (10000026 bp)...
[M::mem_pestat] # candidate unique pairs for (FF, FR, RF, RR): (44, 37362, 143, 49)
[M::mem_pestat] analyzing insert size distribution for orientation FF...
[M::mem_pestat] (25, 50, 75) percentile: (9440, 9683, 9813)
[M::mem_pestat] low and high boundaries for computing mean and std.dev: (8694, 10559)
[M::mem_pestat] mean and std.dev: (9706.35, 145.09)
[M::mem_pestat] low and high boundaries for proper pairs: (8321, 10932)
[M::mem_pestat] analyzing insert size distribution for orientation FR...
[M::mem_pestat] (25, 50, 75) percentile: (278, 356, 445)
[M::mem_pestat] low and high boundaries for computing mean and std.dev: (1, 779)
[M::mem_pestat] mean and std.dev: (361.42, 119.58)
[M::mem_pestat] low and high boundaries for proper pairs: (1, 946)
[M::mem_pestat] analyzing insert size distribution for orientation RF...
[M::mem_pestat] (25, 50, 75) percentile: (197, 395, 875)
[M::mem_pestat] low and high boundaries for computing mean and std.dev: (1, 2231)
[M::mem_pestat] mean and std.dev: (507.46, 458.38)
[M::mem_pestat] low and high boundaries for proper pairs: (1, 2909)
[M::mem_pestat] analyzing insert size distribution for orientation RR...
[M::mem_pestat] (25, 50, 75) percentile: (9520, 9683, 9835)
[M::mem_pestat] low and high boundaries for computing mean and std.dev: (8890, 10465)
[M::mem_pestat] mean and std.dev: (9744.97, 126.80)
[M::mem_pestat] low and high boundaries for proper pairs: (8575, 10780)
[M::mem_pestat] skip orientation FF
[M::mem_pestat] skip orientation RF
[M::mem_pestat] skip orientation RR
[M::mem_process_seqs] Processed 75302 reads in 2.115 CPU sec, 1.955 real sec
[M::process] read 76856 sequences (10000101 bp)...
[M::mem_pestat] # candidate unique pairs for (FF, FR, RF, RR): (48, 37369, 128, 38)
[M::mem_pestat] analyzing insert size distribution for orientation FF...
[M::mem_pestat] (25, 50, 75) percentile: (9470, 9666, 9752)
[M::mem_pestat] low and high boundaries for computing mean and std.dev: (8906, 10316)
[M::mem_pestat] mean and std.dev: (9683.17, 138.04)
[M::mem_pestat] low and high boundaries for proper pairs: (8624, 10598)
[M::mem_pestat] analyzing insert size distribution for orientation FR...
[M::mem_pestat] (25, 50, 75) percentile: (278, 360, 452)
[M::mem_pestat] low and high boundaries for computing mean and std.dev: (1, 800)
[M::mem_pestat] mean and std.dev: (365.89, 123.01)
[M::mem_pestat] low and high boundaries for proper pairs: (1, 974)
[M::mem_pestat] analyzing insert size distribution for orientation RF...
[M::mem_pestat] (25, 50, 75) percentile: (241, 426, 951)
[M::mem_pestat] low and high boundaries for computing mean and std.dev: (1, 2371)
[M::mem_pestat] mean and std.dev: (611.02, 571.85)
[M::mem_pestat] low and high boundaries for proper pairs: (1, 3081)
[M::mem_pestat] analyzing insert size distribution for orientation RR...
[M::mem_pestat] (25, 50, 75) percentile: (9587, 9683, 9748)
[M::mem_pestat] low and high boundaries for computing mean and std.dev: (9265, 10070)
[M::mem_pestat] mean and std.dev: (9673.30, 161.32)
[M::mem_pestat] low and high boundaries for proper pairs: (9028, 10319)
[M::mem_pestat] skip orientation FF
[M::mem_pestat] skip orientation RF
[M::mem_pestat] skip orientation RR
[M::mem_process_seqs] Processed 75264 reads in 2.144 CPU sec, 1.960 real sec
[M::process] read 17838 sequences (2301211 bp)...
[M::mem_pestat] # candidate unique pairs for (FF, FR, RF, RR): (38, 38165, 136, 37)
[M::mem_pestat] analyzing insert size distribution for orientation FF...
[M::mem_pestat] (25, 50, 75) percentile: (9356, 9729, 9806)
[M::mem_pestat] low and high boundaries for computing mean and std.dev: (8456, 10706)
[M::mem_pestat] mean and std.dev: (9730.24, 124.85)
[M::mem_pestat] low and high boundaries for proper pairs: (8006, 11156)
[M::mem_pestat] analyzing insert size distribution for orientation FR...
[M::mem_pestat] (25, 50, 75) percentile: (274, 354, 442)
[M::mem_pestat] low and high boundaries for computing mean and std.dev: (1, 778)
[M::mem_pestat] mean and std.dev: (358.43, 118.78)
[M::mem_pestat] low and high boundaries for proper pairs: (1, 946)
[M::mem_pestat] analyzing insert size distribution for orientation RF...
[M::mem_pestat] (25, 50, 75) percentile: (172, 345, 907)
[M::mem_pestat] low and high boundaries for computing mean and std.dev: (1, 2377)
[M::mem_pestat] mean and std.dev: (529.09, 537.92)
[M::mem_pestat] low and high boundaries for proper pairs: (1, 3112)
[M::mem_pestat] analyzing insert size distribution for orientation RR...
[M::mem_pestat] (25, 50, 75) percentile: (9681, 9750, 9810)
[M::mem_pestat] low and high boundaries for computing mean and std.dev: (9423, 10068)
[M::mem_pestat] mean and std.dev: (9760.26, 90.81)
[M::mem_pestat] low and high boundaries for proper pairs: (9294, 10197)
[M::mem_pestat] skip orientation FF
[M::mem_pestat] skip orientation RF
[M::mem_pestat] skip orientation RR
[M::mem_process_seqs] Processed 76856 reads in 1.989 CPU sec, 1.923 real sec
[M::mem_pestat] # candidate unique pairs for (FF, FR, RF, RR): (9, 8858, 26, 18)
[M::mem_pestat] skip orientation FF as there are not enough pairs
[M::mem_pestat] analyzing insert size distribution for orientation FR...
[M::mem_pestat] (25, 50, 75) percentile: (273, 352, 437)
[M::mem_pestat] low and high boundaries for computing mean and std.dev: (1, 765)
[M::mem_pestat] mean and std.dev: (356.14, 117.83)
[M::mem_pestat] low and high boundaries for proper pairs: (1, 929)
[M::mem_pestat] analyzing insert size distribution for orientation RF...
[M::mem_pestat] (25, 50, 75) percentile: (245, 414, 920)
[M::mem_pestat] low and high boundaries for computing mean and std.dev: (1, 2270)
[M::mem_pestat] mean and std.dev: (596.46, 503.73)
[M::mem_pestat] low and high boundaries for proper pairs: (1, 2945)
[M::mem_pestat] analyzing insert size distribution for orientation RR...
[M::mem_pestat] (25, 50, 75) percentile: (1838, 9647, 9752)
[M::mem_pestat] low and high boundaries for computing mean and std.dev: (1, 25580)
[M::mem_pestat] mean and std.dev: (7195.94, 4046.43)
[M::mem_pestat] low and high boundaries for proper pairs: (1, 33494)
[M::mem_pestat] skip orientation RF
[M::mem_pestat] skip orientation RR
[M::mem_process_seqs] Processed 17838 reads in 0.516 CPU sec, 0.470 real sec
[main] Version: 0.7.17-r1188
[main] CMD: /bwa/bwa-0.7.17/bwa mem /blue/bphl-florida/dongyibo/Dev_flaq_sc2_nf/reference/nCoV-2019.reference.fasta /blue/bphl-florida/dongyibo/Dev_flaq_sc2_nf/output/JMV22000758/JMV22000758_1.fq.gz /blue/bphl-florida/dongyibo/Dev_flaq_sc2_nf/output/JMV22000758/JMV22000758_2.fq.gz
[main] Real time: 16.369 sec; CPU: 17.743 sec
