[M::bwa_idx_load_from_disk] read 0 ALT contigs
[M::process] read 75638 sequences (10000175 bp)...
[M::process] read 76648 sequences (10000063 bp)...
[M::mem_pestat] # candidate unique pairs for (FF, FR, RF, RR): (39, 37575, 123, 32)
[M::mem_pestat] analyzing insert size distribution for orientation FF...
[M::mem_pestat] (25, 50, 75) percentile: (9587, 9698, 9773)
[M::mem_pestat] low and high boundaries for computing mean and std.dev: (9215, 10145)
[M::mem_pestat] mean and std.dev: (9705.34, 129.73)
[M::mem_pestat] low and high boundaries for proper pairs: (9029, 10331)
[M::mem_pestat] analyzing insert size distribution for orientation FR...
[M::mem_pestat] (25, 50, 75) percentile: (278, 360, 452)
[M::mem_pestat] low and high boundaries for computing mean and std.dev: (1, 800)
[M::mem_pestat] mean and std.dev: (365.72, 123.17)
[M::mem_pestat] low and high boundaries for proper pairs: (1, 974)
[M::mem_pestat] analyzing insert size distribution for orientation RF...
[M::mem_pestat] (25, 50, 75) percentile: (205, 362, 798)
[M::mem_pestat] low and high boundaries for computing mean and std.dev: (1, 1984)
[M::mem_pestat] mean and std.dev: (460.44, 400.12)
[M::mem_pestat] low and high boundaries for proper pairs: (1, 2577)
[M::mem_pestat] analyzing insert size distribution for orientation RR...
[M::mem_pestat] (25, 50, 75) percentile: (9610, 9679, 9754)
[M::mem_pestat] low and high boundaries for computing mean and std.dev: (9322, 10042)
[M::mem_pestat] mean and std.dev: (9695.41, 114.05)
[M::mem_pestat] low and high boundaries for proper pairs: (9178, 10186)
[M::mem_pestat] skip orientation FF
[M::mem_pestat] skip orientation RF
[M::mem_pestat] skip orientation RR
[M::mem_process_seqs] Processed 75638 reads in 2.366 CPU sec, 2.217 real sec
[M::process] read 76130 sequences (10000011 bp)...
[M::mem_pestat] # candidate unique pairs for (FF, FR, RF, RR): (37, 38078, 124, 40)
[M::mem_pestat] analyzing insert size distribution for orientation FF...
[M::mem_pestat] (25, 50, 75) percentile: (9537, 9729, 9787)
[M::mem_pestat] low and high boundaries for computing mean and std.dev: (9037, 10287)
[M::mem_pestat] mean and std.dev: (9723.32, 140.83)
[M::mem_pestat] low and high boundaries for proper pairs: (8787, 10537)
[M::mem_pestat] analyzing insert size distribution for orientation FR...
[M::mem_pestat] (25, 50, 75) percentile: (274, 354, 444)
[M::mem_pestat] low and high boundaries for computing mean and std.dev: (1, 784)
[M::mem_pestat] mean and std.dev: (360.02, 120.37)
[M::mem_pestat] low and high boundaries for proper pairs: (1, 954)
[M::mem_pestat] analyzing insert size distribution for orientation RF...
[M::mem_pestat] (25, 50, 75) percentile: (208, 418, 1000)
[M::mem_pestat] low and high boundaries for computing mean and std.dev: (1, 2584)
[M::mem_pestat] mean and std.dev: (649.71, 650.46)
[M::mem_pestat] low and high boundaries for proper pairs: (1, 3376)
[M::mem_pestat] analyzing insert size distribution for orientation RR...
[M::mem_pestat] (25, 50, 75) percentile: (9587, 9728, 9838)
[M::mem_pestat] low and high boundaries for computing mean and std.dev: (9085, 10340)
[M::mem_pestat] mean and std.dev: (9749.50, 131.28)
[M::mem_pestat] low and high boundaries for proper pairs: (8834, 10591)
[M::mem_pestat] skip orientation FF
[M::mem_pestat] skip orientation RF
[M::mem_pestat] skip orientation RR
[M::mem_process_seqs] Processed 76648 reads in 2.356 CPU sec, 2.174 real sec
[M::process] read 76532 sequences (10000096 bp)...
[M::mem_pestat] # candidate unique pairs for (FF, FR, RF, RR): (37, 37786, 146, 63)
[M::mem_pestat] analyzing insert size distribution for orientation FF...
[M::mem_pestat] (25, 50, 75) percentile: (9625, 9755, 9847)
[M::mem_pestat] low and high boundaries for computing mean and std.dev: (9181, 10291)
[M::mem_pestat] mean and std.dev: (9744.56, 135.73)
[M::mem_pestat] low and high boundaries for proper pairs: (8959, 10513)
[M::mem_pestat] analyzing insert size distribution for orientation FR...
[M::mem_pestat] (25, 50, 75) percentile: (278, 361, 451)
[M::mem_pestat] low and high boundaries for computing mean and std.dev: (1, 797)
[M::mem_pestat] mean and std.dev: (364.82, 121.95)
[M::mem_pestat] low and high boundaries for proper pairs: (1, 970)
[M::mem_pestat] analyzing insert size distribution for orientation RF...
[M::mem_pestat] (25, 50, 75) percentile: (143, 322, 595)
[M::mem_pestat] low and high boundaries for computing mean and std.dev: (1, 1499)
[M::mem_pestat] mean and std.dev: (361.69, 294.74)
[M::mem_pestat] low and high boundaries for proper pairs: (1, 1951)
[M::mem_pestat] analyzing insert size distribution for orientation RR...
[M::mem_pestat] (25, 50, 75) percentile: (9666, 9745, 9823)
[M::mem_pestat] low and high boundaries for computing mean and std.dev: (9352, 10137)
[M::mem_pestat] mean and std.dev: (9741.13, 127.85)
[M::mem_pestat] low and high boundaries for proper pairs: (9195, 10294)
[M::mem_pestat] skip orientation FF
[M::mem_pestat] skip orientation RF
[M::mem_pestat] skip orientation RR
[M::mem_process_seqs] Processed 76130 reads in 2.440 CPU sec, 2.247 real sec
[M::process] read 75204 sequences (10000196 bp)...
[M::mem_pestat] # candidate unique pairs for (FF, FR, RF, RR): (42, 37999, 147, 36)
[M::mem_pestat] analyzing insert size distribution for orientation FF...
[M::mem_pestat] (25, 50, 75) percentile: (9622, 9695, 9752)
[M::mem_pestat] low and high boundaries for computing mean and std.dev: (9362, 10012)
[M::mem_pestat] mean and std.dev: (9717.26, 87.37)
[M::mem_pestat] low and high boundaries for proper pairs: (9232, 10142)
[M::mem_pestat] analyzing insert size distribution for orientation FR...
[M::mem_pestat] (25, 50, 75) percentile: (274, 355, 445)
[M::mem_pestat] low and high boundaries for computing mean and std.dev: (1, 787)
[M::mem_pestat] mean and std.dev: (359.88, 120.26)
[M::mem_pestat] low and high boundaries for proper pairs: (1, 958)
[M::mem_pestat] analyzing insert size distribution for orientation RF...
[M::mem_pestat] (25, 50, 75) percentile: (176, 392, 770)
[M::mem_pestat] low and high boundaries for computing mean and std.dev: (1, 1958)
[M::mem_pestat] mean and std.dev: (408.06, 325.16)
[M::mem_pestat] low and high boundaries for proper pairs: (1, 2552)
[M::mem_pestat] analyzing insert size distribution for orientation RR...
[M::mem_pestat] (25, 50, 75) percentile: (9711, 9802, 9856)
[M::mem_pestat] low and high boundaries for computing mean and std.dev: (9421, 10146)
[M::mem_pestat] mean and std.dev: (9792.45, 109.64)
[M::mem_pestat] low and high boundaries for proper pairs: (9276, 10291)
[M::mem_pestat] skip orientation FF
[M::mem_pestat] skip orientation RF
[M::mem_pestat] skip orientation RR
[M::mem_process_seqs] Processed 76532 reads in 2.470 CPU sec, 2.278 real sec
[M::process] read 75294 sequences (10000221 bp)...
[M::mem_pestat] # candidate unique pairs for (FF, FR, RF, RR): (42, 37331, 130, 43)
[M::mem_pestat] analyzing insert size distribution for orientation FF...
[M::mem_pestat] (25, 50, 75) percentile: (9533, 9722, 9820)
[M::mem_pestat] low and high boundaries for computing mean and std.dev: (8959, 10394)
[M::mem_pestat] mean and std.dev: (9733.47, 137.65)
[M::mem_pestat] low and high boundaries for proper pairs: (8672, 10681)
[M::mem_pestat] analyzing insert size distribution for orientation FR...
[M::mem_pestat] (25, 50, 75) percentile: (278, 360, 450)
[M::mem_pestat] low and high boundaries for computing mean and std.dev: (1, 794)
[M::mem_pestat] mean and std.dev: (364.63, 121.82)
[M::mem_pestat] low and high boundaries for proper pairs: (1, 966)
[M::mem_pestat] analyzing insert size distribution for orientation RF...
[M::mem_pestat] (25, 50, 75) percentile: (146, 399, 993)
[M::mem_pestat] low and high boundaries for computing mean and std.dev: (1, 2687)
[M::mem_pestat] mean and std.dev: (637.47, 668.33)
[M::mem_pestat] low and high boundaries for proper pairs: (1, 3534)
[M::mem_pestat] analyzing insert size distribution for orientation RR...
[M::mem_pestat] (25, 50, 75) percentile: (9597, 9676, 9752)
[M::mem_pestat] low and high boundaries for computing mean and std.dev: (9287, 10062)
[M::mem_pestat] mean and std.dev: (9700.42, 107.47)
[M::mem_pestat] low and high boundaries for proper pairs: (9132, 10217)
[M::mem_pestat] skip orientation FF
[M::mem_pestat] skip orientation RF
[M::mem_pestat] skip orientation RR
[M::mem_process_seqs] Processed 75204 reads in 2.480 CPU sec, 2.276 real sec
[M::process] read 75248 sequences (10000114 bp)...
[M::mem_pestat] # candidate unique pairs for (FF, FR, RF, RR): (45, 37359, 143, 49)
[M::mem_pestat] analyzing insert size distribution for orientation FF...
[M::mem_pestat] (25, 50, 75) percentile: (622, 9660, 9788)
[M::mem_pestat] low and high boundaries for computing mean and std.dev: (1, 28120)
[M::mem_pestat] mean and std.dev: (7197.84, 4155.63)
[M::mem_pestat] low and high boundaries for proper pairs: (1, 37286)
[M::mem_pestat] analyzing insert size distribution for orientation FR...
[M::mem_pestat] (25, 50, 75) percentile: (278, 356, 445)
[M::mem_pestat] low and high boundaries for computing mean and std.dev: (1, 779)
[M::mem_pestat] mean and std.dev: (361.60, 119.61)
[M::mem_pestat] low and high boundaries for proper pairs: (1, 946)
[M::mem_pestat] analyzing insert size distribution for orientation RF...
[M::mem_pestat] (25, 50, 75) percentile: (191, 386, 894)
[M::mem_pestat] low and high boundaries for computing mean and std.dev: (1, 2300)
[M::mem_pestat] mean and std.dev: (517.20, 485.21)
[M::mem_pestat] low and high boundaries for proper pairs: (1, 3003)
[M::mem_pestat] analyzing insert size distribution for orientation RR...
[M::mem_pestat] (25, 50, 75) percentile: (9555, 9683, 9835)
[M::mem_pestat] low and high boundaries for computing mean and std.dev: (8995, 10395)
[M::mem_pestat] mean and std.dev: (9748.92, 120.34)
[M::mem_pestat] low and high boundaries for proper pairs: (8715, 10675)
[M::mem_pestat] skip orientation FF
[M::mem_pestat] skip orientation RF
[M::mem_pestat] skip orientation RR
[M::mem_process_seqs] Processed 75294 reads in 2.450 CPU sec, 2.263 real sec
[M::process] read 76850 sequences (10000043 bp)...
[M::mem_pestat] # candidate unique pairs for (FF, FR, RF, RR): (49, 37359, 131, 39)
[M::mem_pestat] analyzing insert size distribution for orientation FF...
[M::mem_pestat] (25, 50, 75) percentile: (9470, 9666, 9757)
[M::mem_pestat] low and high boundaries for computing mean and std.dev: (8896, 10331)
[M::mem_pestat] mean and std.dev: (9685.34, 137.04)
[M::mem_pestat] low and high boundaries for proper pairs: (8609, 10618)
[M::mem_pestat] analyzing insert size distribution for orientation FR...
[M::mem_pestat] (25, 50, 75) percentile: (278, 360, 452)
[M::mem_pestat] low and high boundaries for computing mean and std.dev: (1, 800)
[M::mem_pestat] mean and std.dev: (365.89, 123.04)
[M::mem_pestat] low and high boundaries for proper pairs: (1, 974)
[M::mem_pestat] analyzing insert size distribution for orientation RF...
[M::mem_pestat] (25, 50, 75) percentile: (237, 419, 931)
[M::mem_pestat] low and high boundaries for computing mean and std.dev: (1, 2319)
[M::mem_pestat] mean and std.dev: (600.53, 569.61)
[M::mem_pestat] low and high boundaries for proper pairs: (1, 3013)
[M::mem_pestat] analyzing insert size distribution for orientation RR...
[M::mem_pestat] (25, 50, 75) percentile: (9587, 9661, 9748)
[M::mem_pestat] low and high boundaries for computing mean and std.dev: (9265, 10070)
[M::mem_pestat] mean and std.dev: (9671.03, 160.88)
[M::mem_pestat] low and high boundaries for proper pairs: (9028, 10315)
[M::mem_pestat] skip orientation FF
[M::mem_pestat] skip orientation RF
[M::mem_pestat] skip orientation RR
[M::mem_process_seqs] Processed 75248 reads in 2.467 CPU sec, 2.266 real sec
[M::process] read 17846 sequences (2300801 bp)...
[M::mem_pestat] # candidate unique pairs for (FF, FR, RF, RR): (37, 38161, 136, 38)
[M::mem_pestat] analyzing insert size distribution for orientation FF...
[M::mem_pestat] (25, 50, 75) percentile: (9356, 9724, 9812)
[M::mem_pestat] low and high boundaries for computing mean and std.dev: (8444, 10724)
[M::mem_pestat] mean and std.dev: (9728.75, 126.81)
[M::mem_pestat] low and high boundaries for proper pairs: (7988, 11180)
[M::mem_pestat] analyzing insert size distribution for orientation FR...
[M::mem_pestat] (25, 50, 75) percentile: (274, 354, 442)
[M::mem_pestat] low and high boundaries for computing mean and std.dev: (1, 778)
[M::mem_pestat] mean and std.dev: (358.43, 118.73)
[M::mem_pestat] low and high boundaries for proper pairs: (1, 946)
[M::mem_pestat] analyzing insert size distribution for orientation RF...
[M::mem_pestat] (25, 50, 75) percentile: (173, 345, 907)
[M::mem_pestat] low and high boundaries for computing mean and std.dev: (1, 2375)
[M::mem_pestat] mean and std.dev: (543.45, 553.92)
[M::mem_pestat] low and high boundaries for proper pairs: (1, 3109)
[M::mem_pestat] analyzing insert size distribution for orientation RR...
[M::mem_pestat] (25, 50, 75) percentile: (9681, 9751, 9810)
[M::mem_pestat] low and high boundaries for computing mean and std.dev: (9423, 10068)
[M::mem_pestat] mean and std.dev: (9761.72, 90.68)
[M::mem_pestat] low and high boundaries for proper pairs: (9294, 10197)
[M::mem_pestat] skip orientation FF
[M::mem_pestat] skip orientation RF
[M::mem_pestat] skip orientation RR
[M::mem_process_seqs] Processed 76850 reads in 2.322 CPU sec, 2.248 real sec
[M::mem_pestat] # candidate unique pairs for (FF, FR, RF, RR): (9, 8864, 25, 16)
[M::mem_pestat] skip orientation FF as there are not enough pairs
[M::mem_pestat] analyzing insert size distribution for orientation FR...
[M::mem_pestat] (25, 50, 75) percentile: (274, 351, 437)
[M::mem_pestat] low and high boundaries for computing mean and std.dev: (1, 763)
[M::mem_pestat] mean and std.dev: (355.84, 118.22)
[M::mem_pestat] low and high boundaries for proper pairs: (1, 926)
[M::mem_pestat] analyzing insert size distribution for orientation RF...
[M::mem_pestat] (25, 50, 75) percentile: (277, 414, 944)
[M::mem_pestat] low and high boundaries for computing mean and std.dev: (1, 2278)
[M::mem_pestat] mean and std.dev: (615.46, 517.22)
[M::mem_pestat] low and high boundaries for proper pairs: (1, 2945)
[M::mem_pestat] analyzing insert size distribution for orientation RR...
[M::mem_pestat] (25, 50, 75) percentile: (1838, 9645, 9752)
[M::mem_pestat] low and high boundaries for computing mean and std.dev: (1, 25580)
[M::mem_pestat] mean and std.dev: (6878.31, 4184.65)
[M::mem_pestat] low and high boundaries for proper pairs: (1, 33494)
[M::mem_pestat] skip orientation RF
[M::mem_pestat] skip orientation RR
[M::mem_process_seqs] Processed 17846 reads in 0.566 CPU sec, 0.515 real sec
[main] Version: 0.7.17-r1188
[main] CMD: /bwa/bwa-0.7.17/bwa mem /blue/bphl-florida/dongyibo/Dev_flaq_sc2_nf/reference/nCoV-2019.reference.fasta /blue/bphl-florida/dongyibo/Dev_flaq_sc2_nf/output/JMV22000758/JMV22000758_1.fq.gz /blue/bphl-florida/dongyibo/Dev_flaq_sc2_nf/output/JMV22000758/JMV22000758_2.fq.gz
[main] Real time: 18.660 sec; CPU: 20.167 sec
