[M::bwa_idx_load_from_disk] read 0 ALT contigs
[M::process] read 75640 sequences (10000179 bp)...
[M::process] read 76660 sequences (10000150 bp)...
[M::mem_pestat] # candidate unique pairs for (FF, FR, RF, RR): (42, 37575, 123, 31)
[M::mem_pestat] analyzing insert size distribution for orientation FF...
[M::mem_pestat] (25, 50, 75) percentile: (9580, 9698, 9773)
[M::mem_pestat] low and high boundaries for computing mean and std.dev: (9194, 10159)
[M::mem_pestat] mean and std.dev: (9709.35, 130.08)
[M::mem_pestat] low and high boundaries for proper pairs: (9001, 10352)
[M::mem_pestat] analyzing insert size distribution for orientation FR...
[M::mem_pestat] (25, 50, 75) percentile: (278, 360, 452)
[M::mem_pestat] low and high boundaries for computing mean and std.dev: (1, 800)
[M::mem_pestat] mean and std.dev: (365.69, 123.21)
[M::mem_pestat] low and high boundaries for proper pairs: (1, 974)
[M::mem_pestat] analyzing insert size distribution for orientation RF...
[M::mem_pestat] (25, 50, 75) percentile: (204, 362, 789)
[M::mem_pestat] low and high boundaries for computing mean and std.dev: (1, 1959)
[M::mem_pestat] mean and std.dev: (453.99, 396.49)
[M::mem_pestat] low and high boundaries for proper pairs: (1, 2544)
[M::mem_pestat] analyzing insert size distribution for orientation RR...
[M::mem_pestat] (25, 50, 75) percentile: (9615, 9679, 9754)
[M::mem_pestat] low and high boundaries for computing mean and std.dev: (9337, 10032)
[M::mem_pestat] mean and std.dev: (9702.00, 110.52)
[M::mem_pestat] low and high boundaries for proper pairs: (9198, 10171)
[M::mem_pestat] skip orientation FF
[M::mem_pestat] skip orientation RF
[M::mem_pestat] skip orientation RR
[M::mem_process_seqs] Processed 75640 reads in 2.340 CPU sec, 2.190 real sec
[M::process] read 76150 sequences (10000000 bp)...
[M::mem_pestat] # candidate unique pairs for (FF, FR, RF, RR): (33, 38090, 121, 41)
[M::mem_pestat] analyzing insert size distribution for orientation FF...
[M::mem_pestat] (25, 50, 75) percentile: (9537, 9729, 9787)
[M::mem_pestat] low and high boundaries for computing mean and std.dev: (9037, 10287)
[M::mem_pestat] mean and std.dev: (9718.75, 144.05)
[M::mem_pestat] low and high boundaries for proper pairs: (8787, 10537)
[M::mem_pestat] analyzing insert size distribution for orientation FR...
[M::mem_pestat] (25, 50, 75) percentile: (275, 354, 444)
[M::mem_pestat] low and high boundaries for computing mean and std.dev: (1, 782)
[M::mem_pestat] mean and std.dev: (360.05, 120.31)
[M::mem_pestat] low and high boundaries for proper pairs: (1, 951)
[M::mem_pestat] analyzing insert size distribution for orientation RF...
[M::mem_pestat] (25, 50, 75) percentile: (214, 419, 1058)
[M::mem_pestat] low and high boundaries for computing mean and std.dev: (1, 2746)
[M::mem_pestat] mean and std.dev: (684.67, 675.99)
[M::mem_pestat] low and high boundaries for proper pairs: (1, 3590)
[M::mem_pestat] analyzing insert size distribution for orientation RR...
[M::mem_pestat] (25, 50, 75) percentile: (9575, 9723, 9838)
[M::mem_pestat] low and high boundaries for computing mean and std.dev: (9049, 10364)
[M::mem_pestat] mean and std.dev: (9742.69, 135.36)
[M::mem_pestat] low and high boundaries for proper pairs: (8786, 10627)
[M::mem_pestat] skip orientation FF
[M::mem_pestat] skip orientation RF
[M::mem_pestat] skip orientation RR
[M::mem_process_seqs] Processed 76660 reads in 2.307 CPU sec, 2.104 real sec
[M::process] read 76498 sequences (10000071 bp)...
[M::mem_pestat] # candidate unique pairs for (FF, FR, RF, RR): (38, 37788, 150, 65)
[M::mem_pestat] analyzing insert size distribution for orientation FF...
[M::mem_pestat] (25, 50, 75) percentile: (9547, 9747, 9843)
[M::mem_pestat] low and high boundaries for computing mean and std.dev: (8955, 10435)
[M::mem_pestat] mean and std.dev: (9743.81, 135.69)
[M::mem_pestat] low and high boundaries for proper pairs: (8659, 10731)
[M::mem_pestat] analyzing insert size distribution for orientation FR...
[M::mem_pestat] (25, 50, 75) percentile: (278, 361, 450)
[M::mem_pestat] low and high boundaries for computing mean and std.dev: (1, 794)
[M::mem_pestat] mean and std.dev: (364.59, 121.90)
[M::mem_pestat] low and high boundaries for proper pairs: (1, 966)
[M::mem_pestat] analyzing insert size distribution for orientation RF...
[M::mem_pestat] (25, 50, 75) percentile: (148, 327, 592)
[M::mem_pestat] low and high boundaries for computing mean and std.dev: (1, 1480)
[M::mem_pestat] mean and std.dev: (374.72, 295.71)
[M::mem_pestat] low and high boundaries for proper pairs: (1, 1924)
[M::mem_pestat] analyzing insert size distribution for orientation RR...
[M::mem_pestat] (25, 50, 75) percentile: (9666, 9746, 9823)
[M::mem_pestat] low and high boundaries for computing mean and std.dev: (9352, 10137)
[M::mem_pestat] mean and std.dev: (9742.52, 126.18)
[M::mem_pestat] low and high boundaries for proper pairs: (9195, 10294)
[M::mem_pestat] skip orientation FF
[M::mem_pestat] skip orientation RF
[M::mem_pestat] skip orientation RR
[M::mem_process_seqs] Processed 76150 reads in 2.466 CPU sec, 2.263 real sec
[M::process] read 75198 sequences (10000014 bp)...
[M::mem_pestat] # candidate unique pairs for (FF, FR, RF, RR): (43, 37984, 146, 34)
[M::mem_pestat] analyzing insert size distribution for orientation FF...
[M::mem_pestat] (25, 50, 75) percentile: (9629, 9698, 9752)
[M::mem_pestat] low and high boundaries for computing mean and std.dev: (9383, 9998)
[M::mem_pestat] mean and std.dev: (9718.19, 85.32)
[M::mem_pestat] low and high boundaries for proper pairs: (9260, 10121)
[M::mem_pestat] analyzing insert size distribution for orientation FR...
[M::mem_pestat] (25, 50, 75) percentile: (274, 355, 445)
[M::mem_pestat] low and high boundaries for computing mean and std.dev: (1, 787)
[M::mem_pestat] mean and std.dev: (360.10, 120.34)
[M::mem_pestat] low and high boundaries for proper pairs: (1, 958)
[M::mem_pestat] analyzing insert size distribution for orientation RF...
[M::mem_pestat] (25, 50, 75) percentile: (161, 359, 768)
[M::mem_pestat] low and high boundaries for computing mean and std.dev: (1, 1982)
[M::mem_pestat] mean and std.dev: (388.39, 324.09)
[M::mem_pestat] low and high boundaries for proper pairs: (1, 2589)
[M::mem_pestat] analyzing insert size distribution for orientation RR...
[M::mem_pestat] (25, 50, 75) percentile: (9673, 9802, 9856)
[M::mem_pestat] low and high boundaries for computing mean and std.dev: (9307, 10222)
[M::mem_pestat] mean and std.dev: (9781.00, 129.49)
[M::mem_pestat] low and high boundaries for proper pairs: (9124, 10405)
[M::mem_pestat] skip orientation FF
[M::mem_pestat] skip orientation RF
[M::mem_pestat] skip orientation RR
[M::mem_process_seqs] Processed 76498 reads in 2.470 CPU sec, 2.273 real sec
[M::process] read 75298 sequences (10000022 bp)...
[M::mem_pestat] # candidate unique pairs for (FF, FR, RF, RR): (42, 37334, 125, 44)
[M::mem_pestat] analyzing insert size distribution for orientation FF...
[M::mem_pestat] (25, 50, 75) percentile: (752, 9696, 9796)
[M::mem_pestat] low and high boundaries for computing mean and std.dev: (1, 27884)
[M::mem_pestat] mean and std.dev: (7271.64, 4126.99)
[M::mem_pestat] low and high boundaries for proper pairs: (1, 36928)
[M::mem_pestat] analyzing insert size distribution for orientation FR...
[M::mem_pestat] (25, 50, 75) percentile: (278, 360, 450)
[M::mem_pestat] low and high boundaries for computing mean and std.dev: (1, 794)
[M::mem_pestat] mean and std.dev: (365.02, 121.99)
[M::mem_pestat] low and high boundaries for proper pairs: (1, 966)
[M::mem_pestat] analyzing insert size distribution for orientation RF...
[M::mem_pestat] (25, 50, 75) percentile: (155, 428, 1035)
[M::mem_pestat] low and high boundaries for computing mean and std.dev: (1, 2795)
[M::mem_pestat] mean and std.dev: (683.30, 712.97)
[M::mem_pestat] low and high boundaries for proper pairs: (1, 3675)
[M::mem_pestat] analyzing insert size distribution for orientation RR...
[M::mem_pestat] (25, 50, 75) percentile: (9597, 9676, 9752)
[M::mem_pestat] low and high boundaries for computing mean and std.dev: (9287, 10062)
[M::mem_pestat] mean and std.dev: (9701.95, 108.04)
[M::mem_pestat] low and high boundaries for proper pairs: (9132, 10217)
[M::mem_pestat] skip orientation FF
[M::mem_pestat] skip orientation RF
[M::mem_pestat] skip orientation RR
[M::mem_process_seqs] Processed 75198 reads in 2.451 CPU sec, 2.258 real sec
[M::process] read 75262 sequences (10000178 bp)...
[M::mem_pestat] # candidate unique pairs for (FF, FR, RF, RR): (43, 37354, 150, 48)
[M::mem_pestat] analyzing insert size distribution for orientation FF...
[M::mem_pestat] (25, 50, 75) percentile: (9455, 9683, 9812)
[M::mem_pestat] low and high boundaries for computing mean and std.dev: (8741, 10526)
[M::mem_pestat] mean and std.dev: (9705.03, 143.91)
[M::mem_pestat] low and high boundaries for proper pairs: (8384, 10883)
[M::mem_pestat] analyzing insert size distribution for orientation FR...
[M::mem_pestat] (25, 50, 75) percentile: (278, 355, 445)
[M::mem_pestat] low and high boundaries for computing mean and std.dev: (1, 779)
[M::mem_pestat] mean and std.dev: (361.36, 119.46)
[M::mem_pestat] low and high boundaries for proper pairs: (1, 946)
[M::mem_pestat] analyzing insert size distribution for orientation RF...
[M::mem_pestat] (25, 50, 75) percentile: (176, 386, 859)
[M::mem_pestat] low and high boundaries for computing mean and std.dev: (1, 2225)
[M::mem_pestat] mean and std.dev: (490.72, 445.57)
[M::mem_pestat] low and high boundaries for proper pairs: (1, 2908)
[M::mem_pestat] analyzing insert size distribution for orientation RR...
[M::mem_pestat] (25, 50, 75) percentile: (9550, 9683, 9820)
[M::mem_pestat] low and high boundaries for computing mean and std.dev: (9010, 10360)
[M::mem_pestat] mean and std.dev: (9747.08, 121.74)
[M::mem_pestat] low and high boundaries for proper pairs: (8740, 10630)
[M::mem_pestat] skip orientation FF
[M::mem_pestat] skip orientation RF
[M::mem_pestat] skip orientation RR
[M::mem_process_seqs] Processed 75298 reads in 2.464 CPU sec, 2.268 real sec
[M::process] read 76900 sequences (10000009 bp)...
[M::mem_pestat] # candidate unique pairs for (FF, FR, RF, RR): (50, 37367, 130, 37)
[M::mem_pestat] analyzing insert size distribution for orientation FF...
[M::mem_pestat] (25, 50, 75) percentile: (9470, 9669, 9757)
[M::mem_pestat] low and high boundaries for computing mean and std.dev: (8896, 10331)
[M::mem_pestat] mean and std.dev: (9689.43, 137.90)
[M::mem_pestat] low and high boundaries for proper pairs: (8609, 10618)
[M::mem_pestat] analyzing insert size distribution for orientation FR...
[M::mem_pestat] (25, 50, 75) percentile: (279, 361, 452)
[M::mem_pestat] low and high boundaries for computing mean and std.dev: (1, 798)
[M::mem_pestat] mean and std.dev: (366.07, 123.05)
[M::mem_pestat] low and high boundaries for proper pairs: (1, 971)
[M::mem_pestat] analyzing insert size distribution for orientation RF...
[M::mem_pestat] (25, 50, 75) percentile: (234, 419, 951)
[M::mem_pestat] low and high boundaries for computing mean and std.dev: (1, 2385)
[M::mem_pestat] mean and std.dev: (609.06, 582.29)
[M::mem_pestat] low and high boundaries for proper pairs: (1, 3102)
[M::mem_pestat] analyzing insert size distribution for orientation RR...
[M::mem_pestat] (25, 50, 75) percentile: (9610, 9683, 9750)
[M::mem_pestat] low and high boundaries for computing mean and std.dev: (9330, 10030)
[M::mem_pestat] mean and std.dev: (9693.54, 149.07)
[M::mem_pestat] low and high boundaries for proper pairs: (9097, 10290)
[M::mem_pestat] skip orientation FF
[M::mem_pestat] skip orientation RF
[M::mem_pestat] skip orientation RR
[M::mem_process_seqs] Processed 75262 reads in 2.444 CPU sec, 2.248 real sec
[M::process] read 17784 sequences (2301097 bp)...
[M::mem_pestat] # candidate unique pairs for (FF, FR, RF, RR): (37, 38189, 134, 38)
[M::mem_pestat] analyzing insert size distribution for orientation FF...
[M::mem_pestat] (25, 50, 75) percentile: (4322, 9694, 9806)
[M::mem_pestat] low and high boundaries for computing mean and std.dev: (1, 20774)
[M::mem_pestat] mean and std.dev: (7309.54, 4021.96)
[M::mem_pestat] low and high boundaries for proper pairs: (1, 26258)
[M::mem_pestat] analyzing insert size distribution for orientation FR...
[M::mem_pestat] (25, 50, 75) percentile: (274, 354, 442)
[M::mem_pestat] low and high boundaries for computing mean and std.dev: (1, 778)
[M::mem_pestat] mean and std.dev: (358.04, 118.76)
[M::mem_pestat] low and high boundaries for proper pairs: (1, 946)
[M::mem_pestat] analyzing insert size distribution for orientation RF...
[M::mem_pestat] (25, 50, 75) percentile: (173, 378, 907)
[M::mem_pestat] low and high boundaries for computing mean and std.dev: (1, 2375)
[M::mem_pestat] mean and std.dev: (538.37, 537.97)
[M::mem_pestat] low and high boundaries for proper pairs: (1, 3109)
[M::mem_pestat] analyzing insert size distribution for orientation RR...
[M::mem_pestat] (25, 50, 75) percentile: (9681, 9751, 9804)
[M::mem_pestat] low and high boundaries for computing mean and std.dev: (9435, 10050)
[M::mem_pestat] mean and std.dev: (9750.92, 103.36)
[M::mem_pestat] low and high boundaries for proper pairs: (9312, 10173)
[M::mem_pestat] skip orientation FF
[M::mem_pestat] skip orientation RF
[M::mem_pestat] skip orientation RR
[M::mem_process_seqs] Processed 76900 reads in 2.316 CPU sec, 2.235 real sec
[M::mem_pestat] # candidate unique pairs for (FF, FR, RF, RR): (9, 8831, 26, 18)
[M::mem_pestat] skip orientation FF as there are not enough pairs
[M::mem_pestat] analyzing insert size distribution for orientation FR...
[M::mem_pestat] (25, 50, 75) percentile: (274, 351, 437)
[M::mem_pestat] low and high boundaries for computing mean and std.dev: (1, 763)
[M::mem_pestat] mean and std.dev: (356.14, 117.90)
[M::mem_pestat] low and high boundaries for proper pairs: (1, 926)
[M::mem_pestat] analyzing insert size distribution for orientation RF...
[M::mem_pestat] (25, 50, 75) percentile: (189, 414, 920)
[M::mem_pestat] low and high boundaries for computing mean and std.dev: (1, 2382)
[M::mem_pestat] mean and std.dev: (583.23, 513.54)
[M::mem_pestat] low and high boundaries for proper pairs: (1, 3113)
[M::mem_pestat] analyzing insert size distribution for orientation RR...
[M::mem_pestat] (25, 50, 75) percentile: (981, 9645, 9661)
[M::mem_pestat] low and high boundaries for computing mean and std.dev: (1, 27021)
[M::mem_pestat] mean and std.dev: (6662.39, 4295.14)
[M::mem_pestat] low and high boundaries for proper pairs: (1, 35701)
[M::mem_pestat] skip orientation RF
[M::mem_pestat] skip orientation RR
[M::mem_process_seqs] Processed 17784 reads in 0.572 CPU sec, 0.526 real sec
[main] Version: 0.7.17-r1188
[main] CMD: /bwa/bwa-0.7.17/bwa mem /blue/bphl-florida/dongyibo/Dev_flaq_sc2_nf/reference/nCoV-2019.reference.fasta /blue/bphl-florida/dongyibo/Dev_flaq_sc2_nf/output/XJMV22000758/XJMV22000758_1.fq.gz /blue/bphl-florida/dongyibo/Dev_flaq_sc2_nf/output/XJMV22000758/XJMV22000758_2.fq.gz
[main] Real time: 18.538 sec; CPU: 20.079 sec
