Found 209 primers in BED file
Amplicons detected: 

Number of references in file: 1
MN908947.3
Using Region: MN908947.3

Found 431320 mapped reads
Found 0 unmapped reads
Sorted By Coordinate
-------
Processed 10% reads ... 
Processed 20% reads ... 
Processed 30% reads ... 
Processed 40% reads ... 
Processed 50% reads ... 
Processed 60% reads ... 
Processed 70% reads ... 
Processed 80% reads ... 
Processed 90% reads ... 
Processed 100% reads ... 

-------
Results: 
Primer Name	Read Count
SARS-CoV-2_1_LEFT	101
SARS-CoV-2_2_LEFT	110
SARS-CoV-2_1_RIGHT	31
SARS-CoV-2_3_LEFT	170
SARS-CoV-2_2_RIGHT	13
SARS-CoV-2_4_LEFT	235
SARS-CoV-2_3_RIGHT	129
SARS-CoV-2_5_LEFT	40
SARS-CoV-2_4_RIGHT	124
SARS-CoV-2_6_LEFT	608
SARS-CoV-2_5_RIGHT	138
SARS-CoV-2_7_LEFT	399
SARS-CoV-2_6_RIGHT	328
SARS-CoV-2_8_LEFT	141
SARS-CoV-2_7_RIGHT	187
SARS-CoV-2_9_LEFT	222
SARS-CoV-2_8_RIGHT	18
SARS-CoV-2_10_LEFT_alt1	59
SARS-CoV-2_10_LEFT	388
SARS-CoV-2_9_RIGHT	279
SARS-CoV-2_11_LEFT	140
SARS-CoV-2_10_RIGHT_alt1	131
SARS-CoV-2_10_RIGHT	131
SARS-CoV-2_12_LEFT	437
SARS-CoV-2_11_RIGHT	51
SARS-CoV-2_13_LEFT	441
SARS-CoV-2_12_RIGHT	389
SARS-CoV-2_14_LEFT	98
SARS-CoV-2_13_RIGHT	539
SARS-CoV-2_15_LEFT	113
SARS-CoV-2_14_RIGHT	25
SARS-CoV-2_16_LEFT	41
SARS-CoV-2_15_RIGHT	30
SARS-CoV-2_17_LEFT	82
SARS-CoV-2_16_RIGHT	63
SARS-CoV-2_18_LEFT	466
SARS-CoV-2_17_RIGHT	236
SARS-CoV-2_19_LEFT	278
SARS-CoV-2_18_RIGHT	414
SARS-CoV-2_20_LEFT	27
SARS-CoV-2_19_RIGHT	186
SARS-CoV-2_21_LEFT	60
SARS-CoV-2_20_RIGHT	45
SARS-CoV-2_22_LEFT	5
SARS-CoV-2_21_RIGHT	30
SARS-CoV-2_23_LEFT	13
SARS-CoV-2_22_RIGHT	24
SARS-CoV-2_24_LEFT	23
SARS-CoV-2_23_RIGHT	63
SARS-CoV-2_23_RIGHT_alt1	1
SARS-CoV-2_25_LEFT	185
SARS-CoV-2_24_RIGHT	15
SARS-CoV-2_26_LEFT	525
SARS-CoV-2_25_RIGHT	506
SARS-CoV-2_27_LEFT	420
SARS-CoV-2_26_RIGHT	312
SARS-CoV-2_28_LEFT	146
SARS-CoV-2_27_RIGHT_alt1	259
SARS-CoV-2_27_RIGHT	10
SARS-CoV-2_29_LEFT	110
SARS-CoV-2_28_RIGHT	412
SARS-CoV-2_30_LEFT	112
SARS-CoV-2_29_RIGHT	194
SARS-CoV-2_31_LEFT	21
SARS-CoV-2_30_RIGHT	167
SARS-CoV-2_32_LEFT	8
SARS-CoV-2_31_RIGHT	42
SARS-CoV-2_33_LEFT	14
SARS-CoV-2_32_RIGHT	11
SARS-CoV-2_34_LEFT	356
SARS-CoV-2_33_RIGHT	111
SARS-CoV-2_35_LEFT	723
SARS-CoV-2_34_RIGHT	567
SARS-CoV-2_36_LEFT	617
SARS-CoV-2_35_RIGHT	893
SARS-CoV-2_37_LEFT	428
SARS-CoV-2_36_RIGHT	213
SARS-CoV-2_38_LEFT	584
SARS-CoV-2_37_RIGHT	684
SARS-CoV-2_39_LEFT	379
SARS-CoV-2_38_RIGHT	365
SARS-CoV-2_40_LEFT	422
SARS-CoV-2_39_RIGHT	364
SARS-CoV-2_41_LEFT	244
SARS-CoV-2_40_RIGHT	492
SARS-CoV-2_42_LEFT	444
SARS-CoV-2_41_RIGHT	333
SARS-CoV-2_43_LEFT	85
SARS-CoV-2_42_RIGHT	314
SARS-CoV-2_44_LEFT	373
SARS-CoV-2_43_RIGHT	137
SARS-CoV-2_45_LEFT	18
SARS-CoV-2_44_RIGHT	280
SARS-CoV-2_46_LEFT	67
SARS-CoV-2_45_RIGHT	52
SARS-CoV-2_47_LEFT	295
SARS-CoV-2_46_RIGHT	5
SARS-CoV-2_48_LEFT	679
SARS-CoV-2_47_RIGHT	144
SARS-CoV-2_49_LEFT	284
SARS-CoV-2_48_RIGHT	315
SARS-CoV-2_50_LEFT	493
SARS-CoV-2_49_RIGHT	516
SARS-CoV-2_51_LEFT	225
SARS-CoV-2_50_RIGHT	239
SARS-CoV-2_52_LEFT	297
SARS-CoV-2_51_RIGHT	278
SARS-CoV-2_53_LEFT	548
SARS-CoV-2_52_RIGHT	284
SARS-CoV-2_54_LEFT	525
SARS-CoV-2_53_RIGHT	248
SARS-CoV-2_55_LEFT	135
SARS-CoV-2_54_RIGHT	574
SARS-CoV-2_56_LEFT	389
SARS-CoV-2_55_RIGHT	262
SARS-CoV-2_57_LEFT	274
SARS-CoV-2_56_RIGHT	481
SARS-CoV-2_58_LEFT	395
SARS-CoV-2_57_RIGHT	80
SARS-CoV-2_59_LEFT	585
SARS-CoV-2_58_RIGHT	210
SARS-CoV-2_60_LEFT	252
SARS-CoV-2_59_RIGHT	286
SARS-CoV-2_61_LEFT	313
SARS-CoV-2_60_RIGHT	73
SARS-CoV-2_62_LEFT	1
SARS-CoV-2_61_RIGHT	576
SARS-CoV-2_63_LEFT	131
SARS-CoV-2_62_RIGHT	467
SARS-CoV-2_64_LEFT	81
SARS-CoV-2_63_RIGHT	119
SARS-CoV-2_65_LEFT	353
SARS-CoV-2_64_RIGHT	101
SARS-CoV-2_66_LEFT	130
SARS-CoV-2_65_RIGHT	208
SARS-CoV-2_67_LEFT	97
SARS-CoV-2_66_RIGHT	153
SARS-CoV-2_68_LEFT	28
SARS-CoV-2_67_RIGHT	116
SARS-CoV-2_69_LEFT	84
SARS-CoV-2_68_RIGHT	143
SARS-CoV-2_70_LEFT	252
SARS-CoV-2_69_RIGHT	105
SARS-CoV-2_71_LEFT	24
SARS-CoV-2_70_RIGHT	259
SARS-CoV-2_72_LEFT	251
SARS-CoV-2_71_RIGHT	55
SARS-CoV-2_73_LEFT	1
SARS-CoV-2_72_RIGHT	402
SARS-CoV-2_74_LEFT	6
SARS-CoV-2_73_RIGHT	7
SARS-CoV-2_75_LEFT	346
SARS-CoV-2_74_RIGHT	18
SARS-CoV-2_76_LEFT	90
SARS-CoV-2_76_LEFT_alt1	32
SARS-CoV-2_75_RIGHT	85
SARS-CoV-2_77_LEFT	203
SARS-CoV-2_76_RIGHT	67
SARS-CoV-2_76_RIGHT_alt1	55
SARS-CoV-2_78_LEFT	171
SARS-CoV-2_77_RIGHT	227
SARS-CoV-2_79_LEFT	278
SARS-CoV-2_78_RIGHT	299
SARS-CoV-2_80_LEFT	140
SARS-CoV-2_79_RIGHT_alt1	243
SARS-CoV-2_79_RIGHT	135
SARS-CoV-2_81_LEFT	568
SARS-CoV-2_80_RIGHT	144
SARS-CoV-2_82_LEFT	300
SARS-CoV-2_81_RIGHT	524
SARS-CoV-2_83_LEFT	143
SARS-CoV-2_82_RIGHT	128
SARS-CoV-2_84_LEFT	225
SARS-CoV-2_83_RIGHT	96
SARS-CoV-2_85_LEFT	296
SARS-CoV-2_84_RIGHT	126
SARS-CoV-2_86_LEFT	129
SARS-CoV-2_85_RIGHT	459
SARS-CoV-2_87_LEFT	205
SARS-CoV-2_86_RIGHT	377
SARS-CoV-2_88_LEFT_alt1	28
SARS-CoV-2_88_LEFT	131
SARS-CoV-2_87_RIGHT	597
SARS-CoV-2_89_LEFT	50
SARS-CoV-2_89_LEFT_alt1	56
SARS-CoV-2_88_RIGHT	53
SARS-CoV-2_90_LEFT	24
SARS-CoV-2_89_RIGHT	95
SARS-CoV-2_89_RIGHT_alt1	30
SARS-CoV-2_91_LEFT	47
SARS-CoV-2_90_RIGHT_alt1	38
SARS-CoV-2_90_RIGHT	20
SARS-CoV-2_92_LEFT	740
SARS-CoV-2_91_RIGHT	87
SARS-CoV-2_93_LEFT	210
SARS-CoV-2_92_RIGHT	248
SARS-CoV-2_94_LEFT	270
SARS-CoV-2_93_RIGHT	118
SARS-CoV-2_95_LEFT	310
SARS-CoV-2_94_RIGHT	102
SARS-CoV-2_96_LEFT	335
SARS-CoV-2_95_RIGHT	246
SARS-CoV-2_97_LEFT	261
SARS-CoV-2_96_RIGHT	256
SARS-CoV-2_98_LEFT	165
SARS-CoV-2_97_RIGHT	297
SARS-CoV-2_99_LEFT	21
SARS-CoV-2_98_RIGHT	281
SARS-CoV-2_99_RIGHT	102

Trimmed primers from 10.69% (46089) of reads.
0.03% (110) of reads were quality trimmed below the minimum length of 30 bp and were not written to file.
89.31% (385231) of reads started outside of primer regions. Since the -e flag was given, these reads were written to file.
3.79% (16347) of reads had their insert size smaller than their read length
