Started analysis of XJMV22000758_1.fastq.gz
Approx 5% complete for XJMV22000758_1.fastq.gz
Approx 10% complete for XJMV22000758_1.fastq.gz
Approx 15% complete for XJMV22000758_1.fastq.gz
Approx 20% complete for XJMV22000758_1.fastq.gz
Approx 25% complete for XJMV22000758_1.fastq.gz
Approx 30% complete for XJMV22000758_1.fastq.gz
Approx 35% complete for XJMV22000758_1.fastq.gz
Approx 40% complete for XJMV22000758_1.fastq.gz
Approx 45% complete for XJMV22000758_1.fastq.gz
Approx 50% complete for XJMV22000758_1.fastq.gz
Approx 55% complete for XJMV22000758_1.fastq.gz
Approx 60% complete for XJMV22000758_1.fastq.gz
Approx 65% complete for XJMV22000758_1.fastq.gz
Approx 70% complete for XJMV22000758_1.fastq.gz
Approx 75% complete for XJMV22000758_1.fastq.gz
Approx 80% complete for XJMV22000758_1.fastq.gz
Approx 85% complete for XJMV22000758_1.fastq.gz
Approx 90% complete for XJMV22000758_1.fastq.gz
Approx 95% complete for XJMV22000758_1.fastq.gz
Started analysis of XJMV22000758_2.fastq.gz
Approx 5% complete for XJMV22000758_2.fastq.gz
Approx 10% complete for XJMV22000758_2.fastq.gz
Approx 15% complete for XJMV22000758_2.fastq.gz
Approx 20% complete for XJMV22000758_2.fastq.gz
Approx 25% complete for XJMV22000758_2.fastq.gz
Approx 30% complete for XJMV22000758_2.fastq.gz
Approx 35% complete for XJMV22000758_2.fastq.gz
Approx 40% complete for XJMV22000758_2.fastq.gz
Approx 45% complete for XJMV22000758_2.fastq.gz
Approx 50% complete for XJMV22000758_2.fastq.gz
Approx 55% complete for XJMV22000758_2.fastq.gz
Approx 60% complete for XJMV22000758_2.fastq.gz
Approx 65% complete for XJMV22000758_2.fastq.gz
Approx 70% complete for XJMV22000758_2.fastq.gz
Approx 75% complete for XJMV22000758_2.fastq.gz
Approx 80% complete for XJMV22000758_2.fastq.gz
Approx 85% complete for XJMV22000758_2.fastq.gz
Approx 90% complete for XJMV22000758_2.fastq.gz
Approx 95% complete for XJMV22000758_2.fastq.gz
2022-09-22 13:01:24	aligns_to version 0.60
2022-09-22 13:01:24	hardware threads: 128, omp threads: 15
2022-09-22 13:01:29	loading time (sec) 5
2022-09-22 13:01:29	/scratch/local/47763646/tmp.XssMcVy0iL/temp.fasta
2022-09-22 13:01:30	0% processed
2022-09-22 13:01:30	100% processed
2022-09-22 13:01:30	total spot count: 0
2022-09-22 13:01:30	total read count: 0
2022-09-22 13:01:30	total time (sec) 5
0  spot(s) removed.
2022-09-22 13:01:32	aligns_to version 0.60
2022-09-22 13:01:32	hardware threads: 128, omp threads: 15
2022-09-22 13:01:38	loading time (sec) 6
2022-09-22 13:01:38	/scratch/local/47763646/tmp.MP65dZBlOU/temp.fasta
2022-09-22 13:01:38	0% processed
2022-09-22 13:01:38	100% processed
2022-09-22 13:01:38	total spot count: 0
2022-09-22 13:01:38	total read count: 0
2022-09-22 13:01:38	total time (sec) 6
0  spot(s) removed.
TrimmomaticPE: Started with arguments:
 -phred33 -trimlog /blue/bphl-florida/dongyibo/Dev_flaq_sc2_nf/output/XJMV22000758/XJMV22000758.log /blue/bphl-florida/dongyibo/Dev_flaq_sc2_nf/output/XJMV22000758/XJMV22000758_1_humanclean.fastq.gz /blue/bphl-florida/dongyibo/Dev_flaq_sc2_nf/output/XJMV22000758/XJMV22000758_2_humanclean.fastq.gz /blue/bphl-florida/dongyibo/Dev_flaq_sc2_nf/output/XJMV22000758/XJMV22000758_trim_1.fastq.gz /blue/bphl-florida/dongyibo/Dev_flaq_sc2_nf/output/XJMV22000758/XJMV22000758_unpaired_trim_1.fastq.gz /blue/bphl-florida/dongyibo/Dev_flaq_sc2_nf/output/XJMV22000758/XJMV22000758_trim_2.fastq.gz /blue/bphl-florida/dongyibo/Dev_flaq_sc2_nf/output/XJMV22000758/XJMV22000758_unpaired_trim_2.fastq.gz SLIDINGWINDOW:4:30 MINLEN:75 TRAILING:20
Input Read Pairs: 636708 Both Surviving: 312698 (49.11%) Forward Only Surviving: 80179 (12.59%) Reverse Only Surviving: 68632 (10.78%) Dropped: 175199 (27.52%)
TrimmomaticPE: Completed successfully
java -ea -Xmx118544m -Xms118544m -cp /bbmap/current/ jgi.BBDuk in1=/blue/bphl-florida/dongyibo/Dev_flaq_sc2_nf/output/XJMV22000758/XJMV22000758_trim_1.fastq.gz in2=/blue/bphl-florida/dongyibo/Dev_flaq_sc2_nf/output/XJMV22000758/XJMV22000758_trim_2.fastq.gz out1=/blue/bphl-florida/dongyibo/Dev_flaq_sc2_nf/output/XJMV22000758/XJMV22000758_1.rmadpt.fq.gz out2=/blue/bphl-florida/dongyibo/Dev_flaq_sc2_nf/output/XJMV22000758/XJMV22000758_2.rmadpt.fq.gz ref=/bbmap/resources/adapters.fa stats=/blue/bphl-florida/dongyibo/Dev_flaq_sc2_nf/output/XJMV22000758/XJMV22000758.adapters.stats.txt ktrim=r k=23 mink=11 hdist=1 tpe tbo
Executing jgi.BBDuk [in1=/blue/bphl-florida/dongyibo/Dev_flaq_sc2_nf/output/XJMV22000758/XJMV22000758_trim_1.fastq.gz, in2=/blue/bphl-florida/dongyibo/Dev_flaq_sc2_nf/output/XJMV22000758/XJMV22000758_trim_2.fastq.gz, out1=/blue/bphl-florida/dongyibo/Dev_flaq_sc2_nf/output/XJMV22000758/XJMV22000758_1.rmadpt.fq.gz, out2=/blue/bphl-florida/dongyibo/Dev_flaq_sc2_nf/output/XJMV22000758/XJMV22000758_2.rmadpt.fq.gz, ref=/bbmap/resources/adapters.fa, stats=/blue/bphl-florida/dongyibo/Dev_flaq_sc2_nf/output/XJMV22000758/XJMV22000758.adapters.stats.txt, ktrim=r, k=23, mink=11, hdist=1, tpe, tbo]
Version 38.86

maskMiddle was disabled because useShortKmers=true
0.028 seconds.
Initial:
Memory: max=119123m, total=119123m, free=116637m, used=2486m

Added 217135 kmers; time: 	0.074 seconds.
Memory: max=119123m, total=119123m, free=112908m, used=6215m

Input is being processed as paired
Started output streams:	0.085 seconds.
Processing time:   		2.175 seconds.

Input:                  	625396 reads 		82306356 bases.
KTrimmed:               	236 reads (0.04%) 	4298 bases (0.01%)
Trimmed by overlap:     	56 reads (0.01%) 	338 bases (0.00%)
Total Removed:          	6 reads (0.00%) 	4636 bases (0.01%)
Result:                 	625390 reads (100.00%) 	82301720 bases (99.99%)

Time:                         	2.347 seconds.
Reads Processed:        625k 	266.49k reads/sec
Bases Processed:      82306k 	35.07m bases/sec
java -ea -Xmx140619m -Xms140619m -cp /bbmap/current/ jgi.BBDuk in1=/blue/bphl-florida/dongyibo/Dev_flaq_sc2_nf/output/XJMV22000758/XJMV22000758_1.rmadpt.fq.gz in2=/blue/bphl-florida/dongyibo/Dev_flaq_sc2_nf/output/XJMV22000758/XJMV22000758_2.rmadpt.fq.gz out1=/blue/bphl-florida/dongyibo/Dev_flaq_sc2_nf/output/XJMV22000758/XJMV22000758_1.fq.gz out2=/blue/bphl-florida/dongyibo/Dev_flaq_sc2_nf/output/XJMV22000758/XJMV22000758_2.fq.gz outm=/blue/bphl-florida/dongyibo/Dev_flaq_sc2_nf/output/XJMV22000758/XJMV22000758_matchedphix.fq ref=/bbmap/resources/phix174_ill.ref.fa.gz k=31 hdist=1 stats=/blue/bphl-florida/dongyibo/Dev_flaq_sc2_nf/output/XJMV22000758/XJMV22000758_phixstats.txt
Executing jgi.BBDuk [in1=/blue/bphl-florida/dongyibo/Dev_flaq_sc2_nf/output/XJMV22000758/XJMV22000758_1.rmadpt.fq.gz, in2=/blue/bphl-florida/dongyibo/Dev_flaq_sc2_nf/output/XJMV22000758/XJMV22000758_2.rmadpt.fq.gz, out1=/blue/bphl-florida/dongyibo/Dev_flaq_sc2_nf/output/XJMV22000758/XJMV22000758_1.fq.gz, out2=/blue/bphl-florida/dongyibo/Dev_flaq_sc2_nf/output/XJMV22000758/XJMV22000758_2.fq.gz, outm=/blue/bphl-florida/dongyibo/Dev_flaq_sc2_nf/output/XJMV22000758/XJMV22000758_matchedphix.fq, ref=/bbmap/resources/phix174_ill.ref.fa.gz, k=31, hdist=1, stats=/blue/bphl-florida/dongyibo/Dev_flaq_sc2_nf/output/XJMV22000758/XJMV22000758_phixstats.txt]
Version 38.86

0.033 seconds.
Initial:
Memory: max=141307m, total=141307m, free=138358m, used=2949m

Added 487396 kmers; time: 	0.099 seconds.
Memory: max=141307m, total=141307m, free=131722m, used=9585m

Input is being processed as paired
Started output streams:	0.081 seconds.
Processing time:   		1.001 seconds.

Input:                  	625390 reads 		82301720 bases.
Contaminants:           	0 reads (0.00%) 	0 bases (0.00%)
Total Removed:          	0 reads (0.00%) 	0 bases (0.00%)
Result:                 	625390 reads (100.00%) 	82301720 bases (100.00%)

Time:                         	1.186 seconds.
Reads Processed:        625k 	527.16k reads/sec
Bases Processed:      82301k 	69.37m bases/sec
Started analysis of XJMV22000758_1.fq.gz
Approx 5% complete for XJMV22000758_1.fq.gz
Approx 10% complete for XJMV22000758_1.fq.gz
Approx 15% complete for XJMV22000758_1.fq.gz
Approx 20% complete for XJMV22000758_1.fq.gz
Approx 25% complete for XJMV22000758_1.fq.gz
Approx 30% complete for XJMV22000758_1.fq.gz
Approx 35% complete for XJMV22000758_1.fq.gz
Approx 40% complete for XJMV22000758_1.fq.gz
Approx 45% complete for XJMV22000758_1.fq.gz
Approx 50% complete for XJMV22000758_1.fq.gz
Approx 55% complete for XJMV22000758_1.fq.gz
Approx 60% complete for XJMV22000758_1.fq.gz
Approx 65% complete for XJMV22000758_1.fq.gz
Approx 70% complete for XJMV22000758_1.fq.gz
Approx 75% complete for XJMV22000758_1.fq.gz
Approx 80% complete for XJMV22000758_1.fq.gz
Approx 85% complete for XJMV22000758_1.fq.gz
Approx 90% complete for XJMV22000758_1.fq.gz
Approx 95% complete for XJMV22000758_1.fq.gz
Started analysis of XJMV22000758_2.fq.gz
Approx 5% complete for XJMV22000758_2.fq.gz
Approx 10% complete for XJMV22000758_2.fq.gz
Approx 15% complete for XJMV22000758_2.fq.gz
Approx 20% complete for XJMV22000758_2.fq.gz
Approx 25% complete for XJMV22000758_2.fq.gz
Approx 30% complete for XJMV22000758_2.fq.gz
Approx 35% complete for XJMV22000758_2.fq.gz
Approx 40% complete for XJMV22000758_2.fq.gz
Approx 45% complete for XJMV22000758_2.fq.gz
Approx 50% complete for XJMV22000758_2.fq.gz
Approx 55% complete for XJMV22000758_2.fq.gz
Approx 60% complete for XJMV22000758_2.fq.gz
Approx 65% complete for XJMV22000758_2.fq.gz
Approx 70% complete for XJMV22000758_2.fq.gz
Approx 75% complete for XJMV22000758_2.fq.gz
Approx 80% complete for XJMV22000758_2.fq.gz
Approx 85% complete for XJMV22000758_2.fq.gz
Approx 90% complete for XJMV22000758_2.fq.gz
Approx 95% complete for XJMV22000758_2.fq.gz
[WARNING]         multiqc : MultiQC Version v1.13 now available!
[INFO   ]         multiqc : This is MultiQC v1.8
[INFO   ]         multiqc : Template    : default
[INFO   ]         multiqc : Searching   : /blue/bphl-florida/dongyibo/Dev_flaq_sc2_nf/output/XJMV22000758/XJMV22000758_1_clean_fastqc.zip
[INFO   ]         multiqc : Searching   : /blue/bphl-florida/dongyibo/Dev_flaq_sc2_nf/output/XJMV22000758/XJMV22000758_1_original_fastqc.zip
[INFO   ]         multiqc : Searching   : /blue/bphl-florida/dongyibo/Dev_flaq_sc2_nf/output/XJMV22000758/XJMV22000758_2_clean_fastqc.zip
[INFO   ]         multiqc : Searching   : /blue/bphl-florida/dongyibo/Dev_flaq_sc2_nf/output/XJMV22000758/XJMV22000758_2_original_fastqc.zip
[INFO   ]          fastqc : Found 2 reports
[INFO   ]         multiqc : Compressing plot data
[INFO   ]         multiqc : Report      : ../../../output/XJMV22000758/multiqc_report.html
[INFO   ]         multiqc : Data        : ../../../output/XJMV22000758/multiqc_data
[INFO   ]         multiqc : MultiQC complete
